{
  "stats": {
    "suites": 13,
    "tests": 103,
    "passes": 103,
    "pending": 0,
    "failures": 0,
    "testsRegistered": 103,
    "passPercent": 100,
    "pendingPercent": 0,
    "other": 0,
    "hasOther": false,
    "skipped": 0,
    "hasSkipped": false,
    "start": "2023-07-14T06:45:18.361Z",
    "end": "2023-07-14T12:17:52.174Z",
    "duration": 19953813
  },
  "results": [
    {
      "uuid": "126efaf1-7e8b-47e7-a080-60f740c221ab",
      "title": "",
      "fullFile": "cypress/e2e/apiTesting/postsEndPoint.cy.js",
      "file": "cypress/e2e/apiTesting/postsEndPoint.cy.js",
      "beforeHooks": [],
      "afterHooks": [],
      "tests": [],
      "suites": [
        {
          "uuid": "d1d5a5dd-c5e9-44b0-a7f6-779678d6dcf2",
          "title": "user get request ",
          "fullFile": "",
          "file": "",
          "beforeHooks": [],
          "afterHooks": [],
          "tests": [
            {
              "title": "get all post ",
              "fullTitle": "user get request  get all post ",
              "timedOut": null,
              "duration": 653,
              "state": "passed",
              "speed": "fast",
              "pass": true,
              "fail": false,
              "pending": false,
              "context": null,
              "code": "const postsUsers = _postsApi.default.getAllPostsUsers();\npostsUsers.then(res => {\n  cy.log(res.body);\n  expect(res.body).to.have.length(10);\n  expect(res.status).eq(200);\n});",
              "err": {},
              "uuid": "824db035-920a-4574-b103-b4184a07921e",
              "parentUUID": "d1d5a5dd-c5e9-44b0-a7f6-779678d6dcf2",
              "isHook": false,
              "skipped": false
            },
            {
              "title": "get post of specific ID",
              "fullTitle": "user get request  get post of specific ID",
              "timedOut": null,
              "duration": 271,
              "state": "passed",
              "speed": "fast",
              "pass": true,
              "fail": false,
              "pending": false,
              "context": null,
              "code": "const getUser = _postsApi.default.getSinglePost();\ngetUser.then(res => {\n  cy.log(res.body);\n  expect(res.status).eq(200);\n  expect(res.body.id).eq(51273);\n  expect(res.body.user_id).eq(3630556);\n});",
              "err": {},
              "uuid": "d9cc5bb0-f735-41a2-a385-f20a84220cd1",
              "parentUUID": "d1d5a5dd-c5e9-44b0-a7f6-779678d6dcf2",
              "isHook": false,
              "skipped": false
            },
            {
              "title": "get request with an non-existent post ID ",
              "fullTitle": "user get request  get request with an non-existent post ID ",
              "timedOut": null,
              "duration": 287,
              "state": "passed",
              "speed": "fast",
              "pass": true,
              "fail": false,
              "pending": false,
              "context": null,
              "code": "const invalidID = _postsApi.default.invalidID();\ninvalidID.then(res => {\n  cy.log(res.body);\n  expect(res.status).eq(404);\n  expect(res.body).to.have.property(\"message\", \"Resource not found\");\n});",
              "err": {},
              "uuid": "28dfd3af-a193-43f9-8819-761ea968190b",
              "parentUUID": "d1d5a5dd-c5e9-44b0-a7f6-779678d6dcf2",
              "isHook": false,
              "skipped": false
            },
            {
              "title": "get request without Authetication ",
              "fullTitle": "user get request  get request without Authetication ",
              "timedOut": null,
              "duration": 251,
              "state": "passed",
              "speed": "fast",
              "pass": true,
              "fail": false,
              "pending": false,
              "context": null,
              "code": "const withoutAuthetication = _postsApi.default.withoutAuthetication();\nwithoutAuthetication.then(res => {\n  cy.log(res.body);\n  expect(res.status).eq(404);\n  expect(res.body).to.have.property(\"message\", \"Resource not found\");\n});",
              "err": {},
              "uuid": "fb4bb25e-7109-4883-b49e-3b0480dc3c09",
              "parentUUID": "d1d5a5dd-c5e9-44b0-a7f6-779678d6dcf2",
              "isHook": false,
              "skipped": false
            }
          ],
          "suites": [],
          "passes": [
            "824db035-920a-4574-b103-b4184a07921e",
            "d9cc5bb0-f735-41a2-a385-f20a84220cd1",
            "28dfd3af-a193-43f9-8819-761ea968190b",
            "fb4bb25e-7109-4883-b49e-3b0480dc3c09"
          ],
          "failures": [],
          "pending": [],
          "skipped": [],
          "duration": 1462,
          "root": false,
          "rootEmpty": false,
          "_timeout": 2000
        },
        {
          "uuid": "b8b9916c-3480-4ec3-aac7-7d9a66809b21",
          "title": "user post request ",
          "fullFile": "",
          "file": "",
          "beforeHooks": [],
          "afterHooks": [],
          "tests": [
            {
              "title": "create new post ",
              "fullTitle": "user post request  create new post ",
              "timedOut": null,
              "duration": 540,
              "state": "passed",
              "speed": "fast",
              "pass": true,
              "fail": false,
              "pending": false,
              "context": null,
              "code": "const requestBody = {\n  \"name\": \"cypressApi\",\n  \"gender\": \"male\",\n  \"email\": _userApi.default.generateRandomEmail(),\n  \"status\": \"active\"\n};\nconst new_User = _userApi.default.createNewUser(requestBody);\nnew_User.then(response => {\n  expect(response.status).eq(201);\n  expect(response.body.name).eq('cypressApi');\n  expect(response.body).to.have.property('status', 'active');\n  const User_ID = response.body.id;\n  const postBody = {\n    title: 'Testing',\n    body: \"This is my post content\",\n    user_id: User_ID\n  };\n  const newPost = _postsApi.default.createNewPost(postBody);\n  newPost.then(res => {\n    cy.log(res.body);\n    expect(res.status).eq(201);\n    expect(res.body.title).eq('Testing');\n    expect(res.body.body).eq('This is my post content');\n    expect(res.body.user_id).eq(User_ID);\n  });\n});",
              "err": {},
              "uuid": "0959da69-1caa-4641-be86-c8b32c00f868",
              "parentUUID": "b8b9916c-3480-4ec3-aac7-7d9a66809b21",
              "isHook": false,
              "skipped": false
            },
            {
              "title": "verify new post request present in all post",
              "fullTitle": "user post request  verify new post request present in all post",
              "timedOut": null,
              "duration": 778,
              "state": "passed",
              "speed": "fast",
              "pass": true,
              "fail": false,
              "pending": false,
              "context": null,
              "code": "const requestBody = {\n  \"name\": \"cypressApi\",\n  \"gender\": \"male\",\n  \"email\": _userApi.default.generateRandomEmail(),\n  \"status\": \"active\"\n};\nconst new_User = _userApi.default.createNewUser(requestBody);\nnew_User.then(response => {\n  const User_ID = response.body.id;\n  const postBody = {\n    title: 'Testing',\n    body: \"This is my post content\",\n    user_id: User_ID\n  };\n  const newPost = _postsApi.default.createNewPost(postBody);\n  newPost.then(res => {\n    const postId = res.body.id;\n    const post = _postsApi.default.getNewePost(postId);\n    post.then(res => {\n      expect(res.status).eq(200);\n      expect(res.body.title).eq('Testing');\n      expect(res.body.body).eq('This is my post content');\n    });\n  });\n});",
              "err": {},
              "uuid": "20a8f622-8d58-4655-98ba-e22c0afaae45",
              "parentUUID": "b8b9916c-3480-4ec3-aac7-7d9a66809b21",
              "isHook": false,
              "skipped": false
            }
          ],
          "suites": [],
          "passes": [
            "0959da69-1caa-4641-be86-c8b32c00f868",
            "20a8f622-8d58-4655-98ba-e22c0afaae45"
          ],
          "failures": [],
          "pending": [],
          "skipped": [],
          "duration": 1318,
          "root": false,
          "rootEmpty": false,
          "_timeout": 2000
        },
        {
          "uuid": "72400941-0127-4226-8831-4a56eb0151cc",
          "title": "posts put request ",
          "fullFile": "",
          "file": "",
          "beforeHooks": [],
          "afterHooks": [],
          "tests": [
            {
              "title": "Verify user update post sucessfully ",
              "fullTitle": "posts put request  Verify user update post sucessfully ",
              "timedOut": null,
              "duration": 515,
              "state": "passed",
              "speed": "fast",
              "pass": true,
              "fail": false,
              "pending": false,
              "context": null,
              "code": "const postBody = {\n  title: 'Testing',\n  body: \"This is my post content\",\n  user_id: 3630556\n};\nconst newPost = _postsApi.default.createNewPost(postBody);\nnewPost.then(res => {\n  const postID = res.body.id;\n  const postBody1 = {\n    title: 'Testing123',\n    body: \"This is put content\",\n    user_id: 3630556\n  };\n  const updatePost = _postsApi.default.updatePost(postID, postBody1);\n  updatePost.then(res => {\n    cy.log(res);\n  });\n});",
              "err": {},
              "uuid": "f0ca84b5-37fb-4b4d-84c2-5b6e1dfd9333",
              "parentUUID": "72400941-0127-4226-8831-4a56eb0151cc",
              "isHook": false,
              "skipped": false
            },
            {
              "title": "Verify that a PUT request without providing the title field return an error ",
              "fullTitle": "posts put request  Verify that a PUT request without providing the title field return an error ",
              "timedOut": null,
              "duration": 330,
              "state": "passed",
              "speed": "fast",
              "pass": true,
              "fail": false,
              "pending": false,
              "context": null,
              "code": "const postBody = {\n  //title: 'Testing',\n  body: \"This is my post content\",\n  user_id: 3630556\n};\nconst newPost = _postsApi.default.createNewPost(postBody);\nnewPost.then(res => {\n  cy.log(res.body);\n  expect(res.status).eq(422);\n  expect(res.body[0]).to.have.property(\"field\", \"title\");\n  expect(res.body[0]).to.have.property(\"message\", \"can't be blank\");\n});",
              "err": {},
              "uuid": "1205aebf-79c8-4c2f-9a7c-ab9eebd89bc6",
              "parentUUID": "72400941-0127-4226-8831-4a56eb0151cc",
              "isHook": false,
              "skipped": false
            }
          ],
          "suites": [],
          "passes": [
            "f0ca84b5-37fb-4b4d-84c2-5b6e1dfd9333",
            "1205aebf-79c8-4c2f-9a7c-ab9eebd89bc6"
          ],
          "failures": [],
          "pending": [],
          "skipped": [],
          "duration": 845,
          "root": false,
          "rootEmpty": false,
          "_timeout": 2000
        },
        {
          "uuid": "838fb1ce-310a-4a3d-b43a-cb75ade04acf",
          "title": "post delete request ",
          "fullFile": "",
          "file": "",
          "beforeHooks": [],
          "afterHooks": [],
          "tests": [
            {
              "title": "delete an existing post by Id ",
              "fullTitle": "post delete request  delete an existing post by Id ",
              "timedOut": null,
              "duration": 684,
              "state": "passed",
              "speed": "fast",
              "pass": true,
              "fail": false,
              "pending": false,
              "context": null,
              "code": "const postBody = {\n  title: 'Testing',\n  body: \"This is my post content\",\n  user_id: 3630556\n};\nconst newPost = _postsApi.default.createNewPost(postBody);\nnewPost.then(res => {\n  const postID = res.body.id;\n  const delPost = _postsApi.default.deletePost(postID);\n  delPost.then(res => {\n    cy.log(res);\n    expect(res.status).eq(204);\n    expect(res.body).to.be.empty;\n    expect(res.body).eq(\"\");\n  });\n});",
              "err": {},
              "uuid": "bbf9e092-e9a0-4dff-9925-65cf256a9f6c",
              "parentUUID": "838fb1ce-310a-4a3d-b43a-cb75ade04acf",
              "isHook": false,
              "skipped": false
            },
            {
              "title": "delete an existing post by invalid id ",
              "fullTitle": "post delete request  delete an existing post by invalid id ",
              "timedOut": null,
              "duration": 616,
              "state": "passed",
              "speed": "fast",
              "pass": true,
              "fail": false,
              "pending": false,
              "context": null,
              "code": "const postBody = {\n  title: 'Testing',\n  body: \"This is my post content\",\n  user_id: 3630556\n};\nconst newPost = _postsApi.default.createNewPost(postBody);\nnewPost.then(res => {\n  const postID = res.body.id;\n  const delPost = _postsApi.default.invalidIdDeletePost(postID);\n  delPost.then(res => {\n    cy.log(res);\n    expect(res.status).eq(404);\n    expect(res.body).to.have.property(\"message\", \"Resource not found\");\n  });\n});",
              "err": {},
              "uuid": "0b35252b-b88d-40a1-afe2-ad9f9d17d765",
              "parentUUID": "838fb1ce-310a-4a3d-b43a-cb75ade04acf",
              "isHook": false,
              "skipped": false
            }
          ],
          "suites": [],
          "passes": [
            "bbf9e092-e9a0-4dff-9925-65cf256a9f6c",
            "0b35252b-b88d-40a1-afe2-ad9f9d17d765"
          ],
          "failures": [],
          "pending": [],
          "skipped": [],
          "duration": 1300,
          "root": false,
          "rootEmpty": false,
          "_timeout": 2000
        }
      ],
      "passes": [],
      "failures": [],
      "pending": [],
      "skipped": [],
      "duration": 0,
      "root": true,
      "rootEmpty": true,
      "_timeout": 2000
    },
    {
      "uuid": "a7eaa195-5731-4bda-9a70-c3cc962cf4e8",
      "title": "",
      "fullFile": "cypress/e2e/apiTesting/usersEndPoint.cy.js",
      "file": "cypress/e2e/apiTesting/usersEndPoint.cy.js",
      "beforeHooks": [],
      "afterHooks": [],
      "tests": [],
      "suites": [
        {
          "uuid": "c04c2338-0497-4177-97f8-d699b2e58235",
          "title": "users API Testing ",
          "fullFile": "",
          "file": "",
          "beforeHooks": [],
          "afterHooks": [],
          "tests": [
            {
              "title": "get all the user",
              "fullTitle": "users API Testing  get all the user",
              "timedOut": null,
              "duration": 303,
              "state": "passed",
              "speed": "fast",
              "pass": true,
              "fail": false,
              "pending": false,
              "context": null,
              "code": "const GetAllUser = _userApi.default.getAllUser();\nGetAllUser.then(res => {\n  cy.log(res.body);\n  expect(res.status).eq(200);\n  expect(res.body).have.length(10);\n});",
              "err": {},
              "uuid": "1e4f37fe-439b-456a-b6a4-ef8697ac4d0c",
              "parentUUID": "c04c2338-0497-4177-97f8-d699b2e58235",
              "isHook": false,
              "skipped": false
            },
            {
              "title": "create new user",
              "fullTitle": "users API Testing  create new user",
              "timedOut": null,
              "duration": 333,
              "state": "passed",
              "speed": "fast",
              "pass": true,
              "fail": false,
              "pending": false,
              "context": null,
              "code": "const requestBody = {\n  \"name\": \"cypress\",\n  \"gender\": \"male\",\n  \"email\": _userApi.default.generateRandomEmail(),\n  \"status\": \"active\"\n};\n_userApi.default.createNewUser(requestBody).then(response => {\n  expect(response.status).eq(201);\n  expect(response.body.name).eq('cypress');\n  expect(response.body).to.have.property('status', 'active');\n});",
              "err": {},
              "uuid": "8c2b9ad1-7433-42e7-b7eb-ba9abe0d0862",
              "parentUUID": "c04c2338-0497-4177-97f8-d699b2e58235",
              "isHook": false,
              "skipped": false
            },
            {
              "title": "verify new user cannot be created without email",
              "fullTitle": "users API Testing  verify new user cannot be created without email",
              "timedOut": null,
              "duration": 292,
              "state": "passed",
              "speed": "fast",
              "pass": true,
              "fail": false,
              "pending": false,
              "context": null,
              "code": "const requestBody = {\n  \"name\": \"cypress\",\n  \"gender\": \"male\",\n  \"status\": \"active\"\n};\n_userApi.default.createNewUser(requestBody).then(response => {\n  expect(response.status).to.eq(422);\n  expect(response.body[0].field).eq('email');\n  expect(response.body[0]).to.have.property('message', \"can't be blank\");\n});",
              "err": {},
              "uuid": "f228815a-4388-4a67-95cf-cbd87d0c782b",
              "parentUUID": "c04c2338-0497-4177-97f8-d699b2e58235",
              "isHook": false,
              "skipped": false
            },
            {
              "title": "verify new user cannot be created without name",
              "fullTitle": "users API Testing  verify new user cannot be created without name",
              "timedOut": null,
              "duration": 302,
              "state": "passed",
              "speed": "fast",
              "pass": true,
              "fail": false,
              "pending": false,
              "context": null,
              "code": "const requestBody = {\n  \"gender\": \"male\",\n  \"email\": _userApi.default.generateRandomEmail(),\n  \"status\": \"active\"\n};\n_userApi.default.createNewUser(requestBody).then(response => {\n  expect(response.status).eq(422);\n  expect(response.body[0].field).eq('name');\n  expect(response.body[0]).to.have.property('message', \"can't be blank\");\n});",
              "err": {},
              "uuid": "27148285-b406-4e34-af7c-ad2e3bd25125",
              "parentUUID": "c04c2338-0497-4177-97f8-d699b2e58235",
              "isHook": false,
              "skipped": false
            },
            {
              "title": "update user",
              "fullTitle": "users API Testing  update user",
              "timedOut": null,
              "duration": 532,
              "state": "passed",
              "speed": "fast",
              "pass": true,
              "fail": false,
              "pending": false,
              "context": null,
              "code": "const requestBody1 = {\n  \"name\": \"cypress\",\n  \"gender\": \"male\",\n  \"email\": _userApi.default.generateRandomEmail(),\n  \"status\": \"active\"\n};\n_userApi.default.createNewUser(requestBody1).then(response => {\n  expect(response.status).eq(201);\n  expect(response.body.name).eq('cypress');\n  expect(response.body).to.have.property('status', 'active');\n  const userID = response.body.id;\n  const requestBody2 = {\n    \"name\": \"sosos\",\n    \"gender\": \"male\",\n    \"email\": _userApi.default.generateRandomEmail(),\n    \"status\": \"inactive\"\n  };\n  _userApi.default.updateUser(userID, requestBody2).then(response => {\n    expect(response.status).eq(200);\n    expect(response.body.name).eq('sosos');\n    expect(response.body.status).eq('inactive');\n  });\n});",
              "err": {},
              "uuid": "6f4d68ba-3c2a-4660-9c3a-e9a9763100c9",
              "parentUUID": "c04c2338-0497-4177-97f8-d699b2e58235",
              "isHook": false,
              "skipped": false
            },
            {
              "title": "delete user",
              "fullTitle": "users API Testing  delete user",
              "timedOut": null,
              "duration": 483,
              "state": "passed",
              "speed": "fast",
              "pass": true,
              "fail": false,
              "pending": false,
              "context": null,
              "code": "const requestBody = {\n  \"name\": \"cypress\",\n  \"gender\": \"male\",\n  \"email\": _userApi.default.generateRandomEmail(),\n  \"status\": \"active\"\n};\n_userApi.default.createNewUser(requestBody).then(response => {\n  expect(response.status).eq(201);\n  expect(response.body.name).eq('cypress');\n  expect(response.body).to.have.property('status', 'active');\n  const userID = response.body.id;\n  _userApi.default.DelUser(userID).then(response => {\n    expect(response.status).eq(204);\n    expect(response.body).not.to.have.property('status', 'active');\n  });\n});",
              "err": {},
              "uuid": "3ebf3d7e-fb21-4e17-90a3-91ea52a2aec0",
              "parentUUID": "c04c2338-0497-4177-97f8-d699b2e58235",
              "isHook": false,
              "skipped": false
            }
          ],
          "suites": [],
          "passes": [
            "1e4f37fe-439b-456a-b6a4-ef8697ac4d0c",
            "8c2b9ad1-7433-42e7-b7eb-ba9abe0d0862",
            "f228815a-4388-4a67-95cf-cbd87d0c782b",
            "27148285-b406-4e34-af7c-ad2e3bd25125",
            "6f4d68ba-3c2a-4660-9c3a-e9a9763100c9",
            "3ebf3d7e-fb21-4e17-90a3-91ea52a2aec0"
          ],
          "failures": [],
          "pending": [],
          "skipped": [],
          "duration": 2245,
          "root": false,
          "rootEmpty": false,
          "_timeout": 2000
        }
      ],
      "passes": [],
      "failures": [],
      "pending": [],
      "skipped": [],
      "duration": 0,
      "root": true,
      "rootEmpty": true,
      "_timeout": 2000
    },
    {
      "uuid": "ae1a4e34-43a3-4f45-bc83-d4f903b33ac5",
      "title": "",
      "fullFile": "cypress/e2e/apiTesting/commentsEndPoint.cy.js",
      "file": "cypress/e2e/apiTesting/commentsEndPoint.cy.js",
      "beforeHooks": [],
      "afterHooks": [],
      "tests": [],
      "suites": [
        {
          "uuid": "058cd4d2-5631-468f-a2ff-a0a96e9aa0f2",
          "title": "comments get request ",
          "fullFile": "",
          "file": "",
          "beforeHooks": [],
          "afterHooks": [],
          "tests": [
            {
              "title": "get all comments ",
              "fullTitle": "comments get request  get all comments ",
              "timedOut": null,
              "duration": 796,
              "state": "passed",
              "speed": "fast",
              "pass": true,
              "fail": false,
              "pending": false,
              "context": null,
              "code": "const postsUsers = _commentsApi.default.getAllComments();\npostsUsers.then(res => {\n  cy.log(res.body);\n  expect(res.body).to.have.length(10);\n  expect(res.status).eq(200);\n});",
              "err": {},
              "uuid": "f26138f2-6247-4054-9bcd-02ec50baa2ca",
              "parentUUID": "058cd4d2-5631-468f-a2ff-a0a96e9aa0f2",
              "isHook": false,
              "skipped": false
            },
            {
              "title": "get post of specific ID",
              "fullTitle": "comments get request  get post of specific ID",
              "timedOut": null,
              "duration": 302,
              "state": "passed",
              "speed": "fast",
              "pass": true,
              "fail": false,
              "pending": false,
              "context": null,
              "code": "const getUser = _commentsApi.default.getSingleComment();\ngetUser.then(res => {\n  cy.log(res.body);\n  expect(res.status).eq(200);\n  expect(res.body.id).eq(45465);\n  expect(res.body.post_id).eq(51253);\n});",
              "err": {},
              "uuid": "d007a1c0-d27b-4a89-b81f-08d8b041cae0",
              "parentUUID": "058cd4d2-5631-468f-a2ff-a0a96e9aa0f2",
              "isHook": false,
              "skipped": false
            },
            {
              "title": "get request with an non-existent comment ID ",
              "fullTitle": "comments get request  get request with an non-existent comment ID ",
              "timedOut": null,
              "duration": 574,
              "state": "passed",
              "speed": "fast",
              "pass": true,
              "fail": false,
              "pending": false,
              "context": null,
              "code": "const invalidID = _commentsApi.default.invalidID();\ninvalidID.then(res => {\n  cy.log(res.body);\n  expect(res.status).eq(404);\n  expect(res.body).to.have.property(\"message\", \"Resource not found\");\n});",
              "err": {},
              "uuid": "71f8b8eb-1346-4287-b6b1-beeba61d17d3",
              "parentUUID": "058cd4d2-5631-468f-a2ff-a0a96e9aa0f2",
              "isHook": false,
              "skipped": false
            }
          ],
          "suites": [],
          "passes": [
            "f26138f2-6247-4054-9bcd-02ec50baa2ca",
            "d007a1c0-d27b-4a89-b81f-08d8b041cae0",
            "71f8b8eb-1346-4287-b6b1-beeba61d17d3"
          ],
          "failures": [],
          "pending": [],
          "skipped": [],
          "duration": 1672,
          "root": false,
          "rootEmpty": false,
          "_timeout": 2000
        },
        {
          "uuid": "86f3befe-6e37-4e43-aaf0-2650e018ce37",
          "title": "comments post requests ",
          "fullFile": "",
          "file": "",
          "beforeHooks": [],
          "afterHooks": [],
          "tests": [
            {
              "title": "create new comment ",
              "fullTitle": "comments post requests  create new comment ",
              "timedOut": null,
              "duration": 336,
              "state": "passed",
              "speed": "fast",
              "pass": true,
              "fail": false,
              "pending": false,
              "context": null,
              "code": "const commentsBody = {\n  \"Id\": 45465,\n  \"post_id\": 51106,\n  \"name\": \"Aaditya Bhat\",\n  \"email\": \"aaditya_bhat@howell-larson.test\",\n  \"body\": \"this is the comments body\"\n};\nconst newComment = _commentsApi.default.createNewComment(commentsBody);\nnewComment.then(res => {\n  cy.log(res.body);\n  expect(res.status).eq(201);\n  expect(res.body.body).eq('this is the comments body');\n  expect(res.body.post_id).eq(51106);\n});",
              "err": {},
              "uuid": "6029a809-d55f-44af-a6f4-bf2969d5d6e9",
              "parentUUID": "86f3befe-6e37-4e43-aaf0-2650e018ce37",
              "isHook": false,
              "skipped": false
            },
            {
              "title": "verify new post comment request present in all comments",
              "fullTitle": "comments post requests  verify new post comment request present in all comments",
              "timedOut": null,
              "duration": 551,
              "state": "passed",
              "speed": "fast",
              "pass": true,
              "fail": false,
              "pending": false,
              "context": null,
              "code": "const commentsBody = {\n  \"Id\": 45465,\n  \"post_id\": 51106,\n  \"name\": \"cypress\",\n  \"email\": \"testing@howell-larson.test\",\n  \"body\": \"this is the comments body 2\"\n};\nconst newComment = _commentsApi.default.createNewComment(commentsBody);\nnewComment.then(res => {\n  const Id = res.body.id;\n  const post = _commentsApi.default.getNewComment(Id);\n  post.then(res => {\n    expect(res.status).eq(200);\n    expect(res.body.body).eq('this is the comments body 2');\n  });\n});",
              "err": {},
              "uuid": "6dcfcf73-18b3-41cf-9adb-b566f956bd2c",
              "parentUUID": "86f3befe-6e37-4e43-aaf0-2650e018ce37",
              "isHook": false,
              "skipped": false
            }
          ],
          "suites": [],
          "passes": [
            "6029a809-d55f-44af-a6f4-bf2969d5d6e9",
            "6dcfcf73-18b3-41cf-9adb-b566f956bd2c"
          ],
          "failures": [],
          "pending": [],
          "skipped": [],
          "duration": 887,
          "root": false,
          "rootEmpty": false,
          "_timeout": 2000
        },
        {
          "uuid": "47ecacb0-38c5-4257-a411-4ecbbe1f71be",
          "title": "comments put request ",
          "fullFile": "",
          "file": "",
          "beforeHooks": [],
          "afterHooks": [],
          "tests": [
            {
              "title": "Verify user update comment sucessfully ",
              "fullTitle": "comments put request  Verify user update comment sucessfully ",
              "timedOut": null,
              "duration": 574,
              "state": "passed",
              "speed": "fast",
              "pass": true,
              "fail": false,
              "pending": false,
              "context": null,
              "code": "const commentsBody = {\n  \"Id\": 45465,\n  \"post_id\": 51106,\n  \"name\": \"cypress\",\n  \"email\": \"testing@howell-larson.test\",\n  \"body\": \"this is the comments body 2\"\n};\nconst newComment = _commentsApi.default.createNewComment(commentsBody);\nnewComment.then(res => {\n  const Id = res.body.id;\n  const commentsBody1 = {\n    \"Id\": 45465,\n    \"post_id\": 51106,\n    \"name\": \"cypresstesting\",\n    \"email\": \"testing21@howell-larson.test\",\n    \"body\": \"this is the comments upated request\"\n  };\n  const updateComments = _commentsApi.default.updateComments(Id, commentsBody1);\n  updateComments.then(res => {\n    cy.log(res);\n    expect(res.body.body).eq('this is the comments upated request');\n    expect(res.body.name).eq('cypresstesting');\n    expect(res.body.email).eq('testing21@howell-larson.test');\n  });\n});",
              "err": {},
              "uuid": "db5c1bcf-1b78-475c-bab4-d3db58a85ad1",
              "parentUUID": "47ecacb0-38c5-4257-a411-4ecbbe1f71be",
              "isHook": false,
              "skipped": false
            },
            {
              "title": "Verify that a PUT request without providing the name field return an error ",
              "fullTitle": "comments put request  Verify that a PUT request without providing the name field return an error ",
              "timedOut": null,
              "duration": 529,
              "state": "passed",
              "speed": "fast",
              "pass": true,
              "fail": false,
              "pending": false,
              "context": null,
              "code": "const commentsBody = {\n  \"Id\": 45465,\n  \"post_id\": 51106,\n  //\"name\":\"cypress\",\n  \"email\": \"testing@howell-larson.test\",\n  \"body\": \"this is the comments body 2\"\n};\nconst newComment = _commentsApi.default.createNewComment(commentsBody);\nnewComment.then(res => {\n  const Id = res.body.id;\n  const commentsBody1 = {\n    \"Id\": 45465,\n    \"post_id\": 51106,\n    \"name\": \"cypresstesting\",\n    \"email\": \"testing21@howell-larson.test\",\n    \"body\": \"this is the comments upated request\"\n  };\n  const updateComments = _commentsApi.default.updateComments(Id, commentsBody1);\n  updateComments.then(res => {\n    cy.log(res);\n    expect(res.status).eq(404);\n    expect(res.body).to.have.property('message', \"Resource not found\");\n  });\n});",
              "err": {},
              "uuid": "74b3eb65-04cf-4247-ae06-ae8543cbab6d",
              "parentUUID": "47ecacb0-38c5-4257-a411-4ecbbe1f71be",
              "isHook": false,
              "skipped": false
            }
          ],
          "suites": [],
          "passes": [
            "db5c1bcf-1b78-475c-bab4-d3db58a85ad1",
            "74b3eb65-04cf-4247-ae06-ae8543cbab6d"
          ],
          "failures": [],
          "pending": [],
          "skipped": [],
          "duration": 1103,
          "root": false,
          "rootEmpty": false,
          "_timeout": 2000
        },
        {
          "uuid": "5ac17973-a8f2-447d-93ad-349395cf8cf2",
          "title": "comments delete request ",
          "fullFile": "",
          "file": "",
          "beforeHooks": [],
          "afterHooks": [],
          "tests": [
            {
              "title": "delete an existing comment by Id ",
              "fullTitle": "comments delete request  delete an existing comment by Id ",
              "timedOut": null,
              "duration": 656,
              "state": "passed",
              "speed": "fast",
              "pass": true,
              "fail": false,
              "pending": false,
              "context": null,
              "code": "const commentsBody = {\n  \"Id\": 45465,\n  \"post_id\": 51106,\n  \"name\": \"cypress\",\n  \"email\": \"testing@howell-larson.test\",\n  \"body\": \"this is the comments body 2\"\n};\nconst newComment = _commentsApi.default.createNewComment(commentsBody);\nnewComment.then(res => {\n  const Id = res.body.id;\n  const delComment = _commentsApi.default.deleteComents(Id);\n  delComment.then(res => {\n    cy.log(res);\n    expect(res.status).eq(204);\n    expect(res.body).to.be.empty;\n    expect(res.body).eq(\"\");\n  });\n});",
              "err": {},
              "uuid": "a834188f-ee9a-46d4-b633-6f418cfe14f2",
              "parentUUID": "5ac17973-a8f2-447d-93ad-349395cf8cf2",
              "isHook": false,
              "skipped": false
            },
            {
              "title": "delete an existing post by invalid id ",
              "fullTitle": "comments delete request  delete an existing post by invalid id ",
              "timedOut": null,
              "duration": 572,
              "state": "passed",
              "speed": "fast",
              "pass": true,
              "fail": false,
              "pending": false,
              "context": null,
              "code": "const commentsBody = {\n  \"Id\": 45465,\n  \"post_id\": 51106,\n  \"name\": \"cypress\",\n  \"email\": \"testing@howell-larson.test\",\n  \"body\": \"this is the comments body 2\"\n};\nconst newComment = _commentsApi.default.createNewComment(commentsBody);\nnewComment.then(res => {\n  const Id = res.body.id + 2;\n  const delComment = _commentsApi.default.deleteComents(Id);\n  delComment.then(res => {\n    cy.log(res);\n    expect(res.status).eq(404);\n    expect(res.body).to.have.property('message', \"Resource not found\");\n  });\n});",
              "err": {},
              "uuid": "f34e0b76-93e8-41fb-ae8b-2730822428b4",
              "parentUUID": "5ac17973-a8f2-447d-93ad-349395cf8cf2",
              "isHook": false,
              "skipped": false
            }
          ],
          "suites": [],
          "passes": [
            "a834188f-ee9a-46d4-b633-6f418cfe14f2",
            "f34e0b76-93e8-41fb-ae8b-2730822428b4"
          ],
          "failures": [],
          "pending": [],
          "skipped": [],
          "duration": 1228,
          "root": false,
          "rootEmpty": false,
          "_timeout": 2000
        }
      ],
      "passes": [],
      "failures": [],
      "pending": [],
      "skipped": [],
      "duration": 0,
      "root": true,
      "rootEmpty": true,
      "_timeout": 2000
    },
    {
      "uuid": "6d21cd39-5e6a-4ae7-abe3-9b74ce5fe70e",
      "title": "",
      "fullFile": "cypress/e2e/apiTesting/postsEndPoint.cy.js",
      "file": "cypress/e2e/apiTesting/postsEndPoint.cy.js",
      "beforeHooks": [],
      "afterHooks": [],
      "tests": [],
      "suites": [
        {
          "uuid": "92a50bac-559f-455e-b7ca-2f48d2615714",
          "title": "user get request ",
          "fullFile": "",
          "file": "",
          "beforeHooks": [],
          "afterHooks": [],
          "tests": [
            {
              "title": "get all post ",
              "fullTitle": "user get request  get all post ",
              "timedOut": null,
              "duration": 327,
              "state": "passed",
              "speed": "fast",
              "pass": true,
              "fail": false,
              "pending": false,
              "context": null,
              "code": "const postsUsers = _postsApi.default.getAllPostsUsers();\npostsUsers.then(res => {\n  cy.log(res.body);\n  expect(res.body).to.have.length(10);\n  expect(res.status).eq(200);\n});",
              "err": {},
              "uuid": "9a9a19a8-a727-46a6-89e2-5bf8151210b6",
              "parentUUID": "92a50bac-559f-455e-b7ca-2f48d2615714",
              "isHook": false,
              "skipped": false
            },
            {
              "title": "get post of specific ID",
              "fullTitle": "user get request  get post of specific ID",
              "timedOut": null,
              "duration": 274,
              "state": "passed",
              "speed": "fast",
              "pass": true,
              "fail": false,
              "pending": false,
              "context": null,
              "code": "const getUser = _postsApi.default.getSinglePost();\ngetUser.then(res => {\n  cy.log(res.body);\n  expect(res.status).eq(200);\n  expect(res.body.id).eq(51273);\n  expect(res.body.user_id).eq(3630556);\n});",
              "err": {},
              "uuid": "778c0ebb-4290-4a15-93b0-c1f7b3a820b1",
              "parentUUID": "92a50bac-559f-455e-b7ca-2f48d2615714",
              "isHook": false,
              "skipped": false
            },
            {
              "title": "get request with an non-existent post ID ",
              "fullTitle": "user get request  get request with an non-existent post ID ",
              "timedOut": null,
              "duration": 284,
              "state": "passed",
              "speed": "fast",
              "pass": true,
              "fail": false,
              "pending": false,
              "context": null,
              "code": "const invalidID = _postsApi.default.invalidID();\ninvalidID.then(res => {\n  cy.log(res.body);\n  expect(res.status).eq(404);\n  expect(res.body).to.have.property(\"message\", \"Resource not found\");\n});",
              "err": {},
              "uuid": "25b30042-fead-47d1-bfcb-a41bd362acd3",
              "parentUUID": "92a50bac-559f-455e-b7ca-2f48d2615714",
              "isHook": false,
              "skipped": false
            },
            {
              "title": "get request without Authetication ",
              "fullTitle": "user get request  get request without Authetication ",
              "timedOut": null,
              "duration": 255,
              "state": "passed",
              "speed": "fast",
              "pass": true,
              "fail": false,
              "pending": false,
              "context": null,
              "code": "const withoutAuthetication = _postsApi.default.withoutAuthetication();\nwithoutAuthetication.then(res => {\n  cy.log(res.body);\n  expect(res.status).eq(404);\n  expect(res.body).to.have.property(\"message\", \"Resource not found\");\n});",
              "err": {},
              "uuid": "261428f7-8104-4dc2-98b4-525da91b3caf",
              "parentUUID": "92a50bac-559f-455e-b7ca-2f48d2615714",
              "isHook": false,
              "skipped": false
            }
          ],
          "suites": [],
          "passes": [
            "9a9a19a8-a727-46a6-89e2-5bf8151210b6",
            "778c0ebb-4290-4a15-93b0-c1f7b3a820b1",
            "25b30042-fead-47d1-bfcb-a41bd362acd3",
            "261428f7-8104-4dc2-98b4-525da91b3caf"
          ],
          "failures": [],
          "pending": [],
          "skipped": [],
          "duration": 1140,
          "root": false,
          "rootEmpty": false,
          "_timeout": 2000
        },
        {
          "uuid": "aa6120de-34bd-45ad-90ad-9cccf064f743",
          "title": "user post request ",
          "fullFile": "",
          "file": "",
          "beforeHooks": [],
          "afterHooks": [],
          "tests": [
            {
              "title": "create new post ",
              "fullTitle": "user post request  create new post ",
              "timedOut": null,
              "duration": 649,
              "state": "passed",
              "speed": "fast",
              "pass": true,
              "fail": false,
              "pending": false,
              "context": null,
              "code": "const requestBody = {\n  \"name\": \"cypressApi\",\n  \"gender\": \"male\",\n  \"email\": _userApi.default.generateRandomEmail(),\n  \"status\": \"active\"\n};\nconst new_User = _userApi.default.createNewUser(requestBody);\nnew_User.then(response => {\n  expect(response.status).eq(201);\n  expect(response.body.name).eq('cypressApi');\n  expect(response.body).to.have.property('status', 'active');\n  const User_ID = response.body.id;\n  const postBody = {\n    title: 'Testing',\n    body: \"This is my post content\",\n    user_id: User_ID\n  };\n  const newPost = _postsApi.default.createNewPost(postBody);\n  newPost.then(res => {\n    cy.log(res.body);\n    expect(res.status).eq(201);\n    expect(res.body.title).eq('Testing');\n    expect(res.body.body).eq('This is my post content');\n    expect(res.body.user_id).eq(User_ID);\n  });\n});",
              "err": {},
              "uuid": "017bfde2-d494-4602-b334-350c642e0e49",
              "parentUUID": "aa6120de-34bd-45ad-90ad-9cccf064f743",
              "isHook": false,
              "skipped": false
            },
            {
              "title": "verify new post request present in all post",
              "fullTitle": "user post request  verify new post request present in all post",
              "timedOut": null,
              "duration": 790,
              "state": "passed",
              "speed": "fast",
              "pass": true,
              "fail": false,
              "pending": false,
              "context": null,
              "code": "const requestBody = {\n  \"name\": \"cypressApi\",\n  \"gender\": \"male\",\n  \"email\": _userApi.default.generateRandomEmail(),\n  \"status\": \"active\"\n};\nconst new_User = _userApi.default.createNewUser(requestBody);\nnew_User.then(response => {\n  const User_ID = response.body.id;\n  const postBody = {\n    title: 'Testing',\n    body: \"This is my post content\",\n    user_id: User_ID\n  };\n  const newPost = _postsApi.default.createNewPost(postBody);\n  newPost.then(res => {\n    const postId = res.body.id;\n    const post = _postsApi.default.getNewePost(postId);\n    post.then(res => {\n      expect(res.status).eq(200);\n      expect(res.body.title).eq('Testing');\n      expect(res.body.body).eq('This is my post content');\n    });\n  });\n});",
              "err": {},
              "uuid": "ff63ccc5-54e7-400e-a843-d3e250168218",
              "parentUUID": "aa6120de-34bd-45ad-90ad-9cccf064f743",
              "isHook": false,
              "skipped": false
            }
          ],
          "suites": [],
          "passes": [
            "017bfde2-d494-4602-b334-350c642e0e49",
            "ff63ccc5-54e7-400e-a843-d3e250168218"
          ],
          "failures": [],
          "pending": [],
          "skipped": [],
          "duration": 1439,
          "root": false,
          "rootEmpty": false,
          "_timeout": 2000
        },
        {
          "uuid": "09990644-246f-49e3-8258-2f316bf5d852",
          "title": "posts put request ",
          "fullFile": "",
          "file": "",
          "beforeHooks": [],
          "afterHooks": [],
          "tests": [
            {
              "title": "Verify user update post sucessfully ",
              "fullTitle": "posts put request  Verify user update post sucessfully ",
              "timedOut": null,
              "duration": 568,
              "state": "passed",
              "speed": "fast",
              "pass": true,
              "fail": false,
              "pending": false,
              "context": null,
              "code": "const postBody = {\n  title: 'Testing',\n  body: \"This is my post content\",\n  user_id: 3630556\n};\nconst newPost = _postsApi.default.createNewPost(postBody);\nnewPost.then(res => {\n  const postID = res.body.id;\n  const postBody1 = {\n    title: 'Testing123',\n    body: \"This is put content\",\n    user_id: 3630556\n  };\n  const updatePost = _postsApi.default.updatePost(postID, postBody1);\n  updatePost.then(res => {\n    cy.log(res);\n    expect(res.body.title).eq('Testing123');\n    expect(res.body.body).eq('This is put content');\n  });\n});",
              "err": {},
              "uuid": "1b837e50-316b-4e68-8620-aa260d5165c1",
              "parentUUID": "09990644-246f-49e3-8258-2f316bf5d852",
              "isHook": false,
              "skipped": false
            },
            {
              "title": "Verify that a PUT request without providing the title field return an error ",
              "fullTitle": "posts put request  Verify that a PUT request without providing the title field return an error ",
              "timedOut": null,
              "duration": 384,
              "state": "passed",
              "speed": "fast",
              "pass": true,
              "fail": false,
              "pending": false,
              "context": null,
              "code": "const postBody = {\n  //title: 'Testing',\n  body: \"This is my post content\",\n  user_id: 3630556\n};\nconst newPost = _postsApi.default.createNewPost(postBody);\nnewPost.then(res => {\n  cy.log(res.body);\n  expect(res.status).eq(422);\n  expect(res.body[0]).to.have.property(\"field\", \"title\");\n  expect(res.body[0]).to.have.property(\"message\", \"can't be blank\");\n});",
              "err": {},
              "uuid": "6241acdf-1075-4cf3-82f9-782d0fb58f0c",
              "parentUUID": "09990644-246f-49e3-8258-2f316bf5d852",
              "isHook": false,
              "skipped": false
            }
          ],
          "suites": [],
          "passes": [
            "1b837e50-316b-4e68-8620-aa260d5165c1",
            "6241acdf-1075-4cf3-82f9-782d0fb58f0c"
          ],
          "failures": [],
          "pending": [],
          "skipped": [],
          "duration": 952,
          "root": false,
          "rootEmpty": false,
          "_timeout": 2000
        },
        {
          "uuid": "95917721-a033-4b1f-a323-dd912da4e4db",
          "title": "post delete request ",
          "fullFile": "",
          "file": "",
          "beforeHooks": [],
          "afterHooks": [],
          "tests": [
            {
              "title": "delete an existing post by Id ",
              "fullTitle": "post delete request  delete an existing post by Id ",
              "timedOut": null,
              "duration": 674,
              "state": "passed",
              "speed": "fast",
              "pass": true,
              "fail": false,
              "pending": false,
              "context": null,
              "code": "const postBody = {\n  title: 'Testing',\n  body: \"This is my post content\",\n  user_id: 3630556\n};\nconst newPost = _postsApi.default.createNewPost(postBody);\nnewPost.then(res => {\n  const postID = res.body.id;\n  const delPost = _postsApi.default.deletePost(postID);\n  delPost.then(res => {\n    cy.log(res);\n    expect(res.status).eq(204);\n    expect(res.body).to.be.empty;\n    expect(res.body).eq(\"\");\n  });\n});",
              "err": {},
              "uuid": "50764fd8-8d21-4759-b0da-06bc41404f07",
              "parentUUID": "95917721-a033-4b1f-a323-dd912da4e4db",
              "isHook": false,
              "skipped": false
            },
            {
              "title": "delete an existing post by invalid id ",
              "fullTitle": "post delete request  delete an existing post by invalid id ",
              "timedOut": null,
              "duration": 644,
              "state": "passed",
              "speed": "fast",
              "pass": true,
              "fail": false,
              "pending": false,
              "context": null,
              "code": "const postBody = {\n  title: 'Testing',\n  body: \"This is my post content\",\n  user_id: 3630556\n};\nconst newPost = _postsApi.default.createNewPost(postBody);\nnewPost.then(res => {\n  const postID = res.body.id;\n  const delPost = _postsApi.default.invalidIdDeletePost(postID);\n  delPost.then(res => {\n    cy.log(res);\n    expect(res.status).eq(404);\n    expect(res.body).to.have.property(\"message\", \"Resource not found\");\n  });\n});",
              "err": {},
              "uuid": "1a8a4228-d97c-4c81-8df9-b80c355f72aa",
              "parentUUID": "95917721-a033-4b1f-a323-dd912da4e4db",
              "isHook": false,
              "skipped": false
            }
          ],
          "suites": [],
          "passes": [
            "50764fd8-8d21-4759-b0da-06bc41404f07",
            "1a8a4228-d97c-4c81-8df9-b80c355f72aa"
          ],
          "failures": [],
          "pending": [],
          "skipped": [],
          "duration": 1318,
          "root": false,
          "rootEmpty": false,
          "_timeout": 2000
        }
      ],
      "passes": [],
      "failures": [],
      "pending": [],
      "skipped": [],
      "duration": 0,
      "root": true,
      "rootEmpty": true,
      "_timeout": 2000
    },
    {
      "uuid": "807d2172-64b5-4cd9-9b66-5a262a47c651",
      "title": "",
      "fullFile": "cypress/e2e/apiTesting/usersEndPoint.cy.js",
      "file": "cypress/e2e/apiTesting/usersEndPoint.cy.js",
      "beforeHooks": [],
      "afterHooks": [],
      "tests": [],
      "suites": [
        {
          "uuid": "ed8d6a15-7591-479d-b5ff-4225a85e8994",
          "title": "users API Testing ",
          "fullFile": "",
          "file": "",
          "beforeHooks": [],
          "afterHooks": [],
          "tests": [
            {
              "title": "get all the user",
              "fullTitle": "users API Testing  get all the user",
              "timedOut": null,
              "duration": 312,
              "state": "passed",
              "speed": "fast",
              "pass": true,
              "fail": false,
              "pending": false,
              "context": null,
              "code": "const GetAllUser = _userApi.default.getAllUser();\nGetAllUser.then(res => {\n  cy.log(res.body);\n  expect(res.status).eq(200);\n  expect(res.body).have.length(10);\n});",
              "err": {},
              "uuid": "e4db29db-241c-4530-b65d-cf05b6b39bb4",
              "parentUUID": "ed8d6a15-7591-479d-b5ff-4225a85e8994",
              "isHook": false,
              "skipped": false
            },
            {
              "title": "create new user",
              "fullTitle": "users API Testing  create new user",
              "timedOut": null,
              "duration": 371,
              "state": "passed",
              "speed": "fast",
              "pass": true,
              "fail": false,
              "pending": false,
              "context": null,
              "code": "const requestBody = {\n  \"name\": \"cypress\",\n  \"gender\": \"male\",\n  \"email\": _userApi.default.generateRandomEmail(),\n  \"status\": \"active\"\n};\n_userApi.default.createNewUser(requestBody).then(response => {\n  expect(response.status).eq(201);\n  expect(response.body.name).eq('cypress');\n  expect(response.body).to.have.property('status', 'active');\n});",
              "err": {},
              "uuid": "bfd77db5-dbbd-4453-8fcd-69127c3d2b9a",
              "parentUUID": "ed8d6a15-7591-479d-b5ff-4225a85e8994",
              "isHook": false,
              "skipped": false
            },
            {
              "title": "verify new user cannot be created without email",
              "fullTitle": "users API Testing  verify new user cannot be created without email",
              "timedOut": null,
              "duration": 317,
              "state": "passed",
              "speed": "fast",
              "pass": true,
              "fail": false,
              "pending": false,
              "context": null,
              "code": "const requestBody = {\n  \"name\": \"cypress\",\n  \"gender\": \"male\",\n  \"status\": \"active\"\n};\n_userApi.default.createNewUser(requestBody).then(response => {\n  expect(response.status).to.eq(422);\n  expect(response.body[0].field).eq('email');\n  expect(response.body[0]).to.have.property('message', \"can't be blank\");\n});",
              "err": {},
              "uuid": "4718b0d0-744d-4303-8465-708f9f690080",
              "parentUUID": "ed8d6a15-7591-479d-b5ff-4225a85e8994",
              "isHook": false,
              "skipped": false
            },
            {
              "title": "verify new user cannot be created without name",
              "fullTitle": "users API Testing  verify new user cannot be created without name",
              "timedOut": null,
              "duration": 294,
              "state": "passed",
              "speed": "fast",
              "pass": true,
              "fail": false,
              "pending": false,
              "context": null,
              "code": "const requestBody = {\n  \"gender\": \"male\",\n  \"email\": _userApi.default.generateRandomEmail(),\n  \"status\": \"active\"\n};\n_userApi.default.createNewUser(requestBody).then(response => {\n  expect(response.status).eq(422);\n  expect(response.body[0].field).eq('name');\n  expect(response.body[0]).to.have.property('message', \"can't be blank\");\n});",
              "err": {},
              "uuid": "e94cc582-c200-4610-bd24-ec27a4ee44c2",
              "parentUUID": "ed8d6a15-7591-479d-b5ff-4225a85e8994",
              "isHook": false,
              "skipped": false
            },
            {
              "title": "update user",
              "fullTitle": "users API Testing  update user",
              "timedOut": null,
              "duration": 816,
              "state": "passed",
              "speed": "fast",
              "pass": true,
              "fail": false,
              "pending": false,
              "context": null,
              "code": "const requestBody1 = {\n  \"name\": \"cypress\",\n  \"gender\": \"male\",\n  \"email\": _userApi.default.generateRandomEmail(),\n  \"status\": \"active\"\n};\n_userApi.default.createNewUser(requestBody1).then(response => {\n  expect(response.status).eq(201);\n  expect(response.body.name).eq('cypress');\n  expect(response.body).to.have.property('status', 'active');\n  const userID = response.body.id;\n  const requestBody2 = {\n    \"name\": \"sosos\",\n    \"gender\": \"male\",\n    \"email\": _userApi.default.generateRandomEmail(),\n    \"status\": \"inactive\"\n  };\n  _userApi.default.updateUser(userID, requestBody2).then(response => {\n    expect(response.status).eq(200);\n    expect(response.body.name).eq('sosos');\n    expect(response.body.status).eq('inactive');\n  });\n});",
              "err": {},
              "uuid": "db838b22-1a49-4ce4-81b7-c647f6f01e7b",
              "parentUUID": "ed8d6a15-7591-479d-b5ff-4225a85e8994",
              "isHook": false,
              "skipped": false
            },
            {
              "title": "delete user",
              "fullTitle": "users API Testing  delete user",
              "timedOut": null,
              "duration": 635,
              "state": "passed",
              "speed": "fast",
              "pass": true,
              "fail": false,
              "pending": false,
              "context": null,
              "code": "const requestBody = {\n  \"name\": \"cypress\",\n  \"gender\": \"male\",\n  \"email\": _userApi.default.generateRandomEmail(),\n  \"status\": \"active\"\n};\n_userApi.default.createNewUser(requestBody).then(response => {\n  expect(response.status).eq(201);\n  expect(response.body.name).eq('cypress');\n  expect(response.body).to.have.property('status', 'active');\n  const userID = response.body.id;\n  _userApi.default.DelUser(userID).then(response => {\n    expect(response.status).eq(204);\n    expect(response.body).not.to.have.property('status', 'active');\n  });\n});",
              "err": {},
              "uuid": "a4a69401-aea9-44cf-bc8d-047d9fcb3ad8",
              "parentUUID": "ed8d6a15-7591-479d-b5ff-4225a85e8994",
              "isHook": false,
              "skipped": false
            }
          ],
          "suites": [],
          "passes": [
            "e4db29db-241c-4530-b65d-cf05b6b39bb4",
            "bfd77db5-dbbd-4453-8fcd-69127c3d2b9a",
            "4718b0d0-744d-4303-8465-708f9f690080",
            "e94cc582-c200-4610-bd24-ec27a4ee44c2",
            "db838b22-1a49-4ce4-81b7-c647f6f01e7b",
            "a4a69401-aea9-44cf-bc8d-047d9fcb3ad8"
          ],
          "failures": [],
          "pending": [],
          "skipped": [],
          "duration": 2745,
          "root": false,
          "rootEmpty": false,
          "_timeout": 2000
        }
      ],
      "passes": [],
      "failures": [],
      "pending": [],
      "skipped": [],
      "duration": 0,
      "root": true,
      "rootEmpty": true,
      "_timeout": 2000
    },
    {
      "uuid": "de330389-9530-4687-95c6-5fa949ff6a69",
      "title": "",
      "fullFile": "cypress/e2e/apiTesting/commentsEndPoint.cy.js",
      "file": "cypress/e2e/apiTesting/commentsEndPoint.cy.js",
      "beforeHooks": [],
      "afterHooks": [],
      "tests": [],
      "suites": [
        {
          "uuid": "070c42d0-cefd-492e-b245-bfd60be76f76",
          "title": "GET request of comments endpoint ",
          "fullFile": "",
          "file": "",
          "beforeHooks": [],
          "afterHooks": [],
          "tests": [
            {
              "title": "get all comments ",
              "fullTitle": "GET request of comments endpoint  get all comments ",
              "timedOut": null,
              "duration": 818,
              "state": "passed",
              "speed": "fast",
              "pass": true,
              "fail": false,
              "pending": false,
              "context": null,
              "code": "const postsUsers = _commentsApi.default.getAllComments();\npostsUsers.then(res => {\n  cy.log(res.body);\n  expect(res.body).to.have.length(10);\n  expect(res.status).eq(200);\n});",
              "err": {},
              "uuid": "53bf5998-eb99-4c03-b58c-257b4d999ef4",
              "parentUUID": "070c42d0-cefd-492e-b245-bfd60be76f76",
              "isHook": false,
              "skipped": false
            },
            {
              "title": "get comment of specific ID",
              "fullTitle": "GET request of comments endpoint  get comment of specific ID",
              "timedOut": null,
              "duration": 419,
              "state": "passed",
              "speed": "fast",
              "pass": true,
              "fail": false,
              "pending": false,
              "context": null,
              "code": "const getUser = _commentsApi.default.getSingleComment();\ngetUser.then(res => {\n  cy.log(res.body);\n  expect(res.status).eq(200);\n  expect(res.body.id).eq(45465);\n  expect(res.body.post_id).eq(51253);\n});",
              "err": {},
              "uuid": "9b051fe9-3d84-4f18-a55a-76697cb92b6f",
              "parentUUID": "070c42d0-cefd-492e-b245-bfd60be76f76",
              "isHook": false,
              "skipped": false
            },
            {
              "title": "get comment with an non-existent comment ID ",
              "fullTitle": "GET request of comments endpoint  get comment with an non-existent comment ID ",
              "timedOut": null,
              "duration": 345,
              "state": "passed",
              "speed": "fast",
              "pass": true,
              "fail": false,
              "pending": false,
              "context": null,
              "code": "const invalidID = _commentsApi.default.invalidID();\ninvalidID.then(res => {\n  cy.log(res.body);\n  expect(res.status).eq(404);\n  expect(res.body).to.have.property(\"message\", \"Resource not found\");\n});",
              "err": {},
              "uuid": "0d789586-d083-45a2-8d77-b5244069d209",
              "parentUUID": "070c42d0-cefd-492e-b245-bfd60be76f76",
              "isHook": false,
              "skipped": false
            }
          ],
          "suites": [],
          "passes": [
            "53bf5998-eb99-4c03-b58c-257b4d999ef4",
            "9b051fe9-3d84-4f18-a55a-76697cb92b6f",
            "0d789586-d083-45a2-8d77-b5244069d209"
          ],
          "failures": [],
          "pending": [],
          "skipped": [],
          "duration": 1582,
          "root": false,
          "rootEmpty": false,
          "_timeout": 2000
        },
        {
          "uuid": "738d8aa2-aa15-45a2-8a4e-3863f7b38fbc",
          "title": "POST request of comments endpoint ",
          "fullFile": "",
          "file": "",
          "beforeHooks": [],
          "afterHooks": [],
          "tests": [
            {
              "title": "create new comment ",
              "fullTitle": "POST request of comments endpoint  create new comment ",
              "timedOut": null,
              "duration": 316,
              "state": "passed",
              "speed": "fast",
              "pass": true,
              "fail": false,
              "pending": false,
              "context": null,
              "code": "const commentsBody = {\n  \"post_id\": 51106,\n  \"name\": \"Aaditya Bhat\",\n  \"email\": \"aaditya_bhat@howell-larson.test\",\n  \"body\": \"this is the comments body\"\n};\nconst newComment = _commentsApi.default.createNewComment(commentsBody);\nnewComment.then(res => {\n  cy.log(res.body);\n  expect(res.status).eq(201);\n  expect(res.body.body).eq('this is the comments body');\n  expect(res.body.post_id).eq(51106);\n});",
              "err": {},
              "uuid": "975d4c6a-2bb7-4210-9822-2fb127c68f3d",
              "parentUUID": "738d8aa2-aa15-45a2-8a4e-3863f7b38fbc",
              "isHook": false,
              "skipped": false
            },
            {
              "title": "verify new post comment request present in all comments",
              "fullTitle": "POST request of comments endpoint  verify new post comment request present in all comments",
              "timedOut": null,
              "duration": 511,
              "state": "passed",
              "speed": "fast",
              "pass": true,
              "fail": false,
              "pending": false,
              "context": null,
              "code": "const commentsBody = {\n  \"post_id\": 51106,\n  \"name\": \"cypress\",\n  \"email\": \"testing@howell-larson.test\",\n  \"body\": \"this is the comments body 2\"\n};\nconst newComment = _commentsApi.default.createNewComment(commentsBody);\nnewComment.then(res => {\n  const Id = res.body.id;\n  const post = _commentsApi.default.getNewComment(Id);\n  post.then(res => {\n    expect(res.status).eq(200);\n    expect(res.body.body).eq('this is the comments body 2');\n  });\n});",
              "err": {},
              "uuid": "662ce125-aa51-4db5-8a29-9b3b6a2bbb43",
              "parentUUID": "738d8aa2-aa15-45a2-8a4e-3863f7b38fbc",
              "isHook": false,
              "skipped": false
            },
            {
              "title": "post new comment without post_id throw an error",
              "fullTitle": "POST request of comments endpoint  post new comment without post_id throw an error",
              "timedOut": null,
              "duration": 339,
              "state": "passed",
              "speed": "fast",
              "pass": true,
              "fail": false,
              "pending": false,
              "context": null,
              "code": "const commentsBody = {\n  //\"post_id\": 51106,\n  \"name\": \"Aaditya Bhat\",\n  \"email\": \"aaditya_bhat@howell-larson.test\",\n  \"body\": \"this is the comments body\"\n};\nconst newComment = _commentsApi.default.createNewComment(commentsBody);\nnewComment.then(res => {\n  cy.log(res.body);\n  expect(res.status).eq(422);\n  expect(res.body[1].field).eq(\"post_id\");\n  expect(res.body[0].message).eq(\"must exist\");\n});",
              "err": {},
              "uuid": "d30fe06c-ffed-4cbf-aa54-fde57b640855",
              "parentUUID": "738d8aa2-aa15-45a2-8a4e-3863f7b38fbc",
              "isHook": false,
              "skipped": false
            }
          ],
          "suites": [],
          "passes": [
            "975d4c6a-2bb7-4210-9822-2fb127c68f3d",
            "662ce125-aa51-4db5-8a29-9b3b6a2bbb43",
            "d30fe06c-ffed-4cbf-aa54-fde57b640855"
          ],
          "failures": [],
          "pending": [],
          "skipped": [],
          "duration": 1166,
          "root": false,
          "rootEmpty": false,
          "_timeout": 2000
        },
        {
          "uuid": "1435773b-05ef-4a9e-9ba8-9316a1e02fa5",
          "title": "PUT request of comments endpoint ",
          "fullFile": "",
          "file": "",
          "beforeHooks": [],
          "afterHooks": [],
          "tests": [
            {
              "title": "Verify that comment update sucessfully ",
              "fullTitle": "PUT request of comments endpoint  Verify that comment update sucessfully ",
              "timedOut": null,
              "duration": 564,
              "state": "passed",
              "speed": "fast",
              "pass": true,
              "fail": false,
              "pending": false,
              "context": null,
              "code": "const commentsBody = {\n  \"post_id\": 51106,\n  \"name\": \"cypress\",\n  \"email\": \"testing@howell-larson.test\",\n  \"body\": \"this is the comments body 2\"\n};\nconst newComment = _commentsApi.default.createNewComment(commentsBody);\nnewComment.then(res => {\n  const Id = res.body.id;\n  const commentsBody1 = {\n    \"post_id\": 51106,\n    \"name\": \"cypresstesting\",\n    \"email\": \"testing21@test.com\",\n    \"body\": \"this is the comments upated request\"\n  };\n  const updateComments = _commentsApi.default.updateComments(Id, commentsBody1);\n  updateComments.then(res => {\n    cy.log(res);\n    expect(res.body.body).eq('this is the comments upated request');\n    expect(res.body.name).eq('cypresstesting');\n    expect(res.body.email).eq('testing21@test.com');\n  });\n});",
              "err": {},
              "uuid": "bfc41692-dfbf-4680-b7bb-d92f43792c56",
              "parentUUID": "1435773b-05ef-4a9e-9ba8-9316a1e02fa5",
              "isHook": false,
              "skipped": false
            },
            {
              "title": "Verify that a PUT request without providing the id field return an error ",
              "fullTitle": "PUT request of comments endpoint  Verify that a PUT request without providing the id field return an error ",
              "timedOut": null,
              "duration": 741,
              "state": "passed",
              "speed": "fast",
              "pass": true,
              "fail": false,
              "pending": false,
              "context": null,
              "code": "const commentsBody = {\n  \"post_id\": 51106,\n  \"name\": \"cypress\",\n  \"email\": \"testing@howell-larson.test\",\n  \"body\": \"this is the comments body 2\"\n};\nconst newComment = _commentsApi.default.createNewComment(commentsBody);\nnewComment.then(res => {\n  const Id = res.body.id;\n  const commentsBody1 = {\n    \"name\": \"cypresstesting\",\n    \"email\": \"testing21@howell-larson.test\",\n    \"body\": \"this is the comments upated request\"\n  };\n  const updateComments = _commentsApi.default.updateComments(commentsBody1);\n  updateComments.then(res => {\n    cy.log(res);\n    expect(res.status).eq(404);\n    expect(res.body).to.have.property('message', \"Resource not found\");\n  });\n});",
              "err": {},
              "uuid": "c48c71dd-4dc3-4179-aa63-ad7944bdf7fe",
              "parentUUID": "1435773b-05ef-4a9e-9ba8-9316a1e02fa5",
              "isHook": false,
              "skipped": false
            }
          ],
          "suites": [],
          "passes": [
            "bfc41692-dfbf-4680-b7bb-d92f43792c56",
            "c48c71dd-4dc3-4179-aa63-ad7944bdf7fe"
          ],
          "failures": [],
          "pending": [],
          "skipped": [],
          "duration": 1305,
          "root": false,
          "rootEmpty": false,
          "_timeout": 2000
        },
        {
          "uuid": "7ef3800a-4db9-479c-bbf7-8d0dca50b975",
          "title": "Delete request of comments endpoint",
          "fullFile": "",
          "file": "",
          "beforeHooks": [],
          "afterHooks": [],
          "tests": [
            {
              "title": "delete an existing comment by Id ",
              "fullTitle": "Delete request of comments endpoint delete an existing comment by Id ",
              "timedOut": null,
              "duration": 641,
              "state": "passed",
              "speed": "fast",
              "pass": true,
              "fail": false,
              "pending": false,
              "context": null,
              "code": "const commentsBody = {\n  \"post_id\": 51106,\n  \"name\": \"cypress\",\n  \"email\": \"testing@howell-larson.test\",\n  \"body\": \"this is the comments body 2\"\n};\nconst newComment = _commentsApi.default.createNewComment(commentsBody);\nnewComment.then(res => {\n  const Id = res.body.id;\n  const delComment = _commentsApi.default.deleteComents(Id);\n  delComment.then(res => {\n    cy.log(res);\n    expect(res.status).eq(204);\n    expect(res.body).to.be.empty;\n    expect(res.body).eq(\"\");\n  });\n});",
              "err": {},
              "uuid": "54bee3d3-3f2c-4e81-a0fc-a64b8063d19b",
              "parentUUID": "7ef3800a-4db9-479c-bbf7-8d0dca50b975",
              "isHook": false,
              "skipped": false
            },
            {
              "title": "delete an existing comment by invalid id ",
              "fullTitle": "Delete request of comments endpoint delete an existing comment by invalid id ",
              "timedOut": null,
              "duration": 604,
              "state": "passed",
              "speed": "fast",
              "pass": true,
              "fail": false,
              "pending": false,
              "context": null,
              "code": "const commentsBody = {\n  \"post_id\": 51106,\n  \"name\": \"cypress\",\n  \"email\": \"testing@howell-larson.test\",\n  \"body\": \"this is the comments body 2\"\n};\nconst newComment = _commentsApi.default.createNewComment(commentsBody);\nnewComment.then(res => {\n  const Id = res.body.id + 2;\n  const delComment = _commentsApi.default.deleteComents(Id);\n  delComment.then(res => {\n    cy.log(res);\n    expect(res.status).eq(404);\n    expect(res.body).to.have.property('message', \"Resource not found\");\n  });\n});",
              "err": {},
              "uuid": "f76ec55a-d096-4017-9e24-d83663480027",
              "parentUUID": "7ef3800a-4db9-479c-bbf7-8d0dca50b975",
              "isHook": false,
              "skipped": false
            }
          ],
          "suites": [],
          "passes": [
            "54bee3d3-3f2c-4e81-a0fc-a64b8063d19b",
            "f76ec55a-d096-4017-9e24-d83663480027"
          ],
          "failures": [],
          "pending": [],
          "skipped": [],
          "duration": 1245,
          "root": false,
          "rootEmpty": false,
          "_timeout": 2000
        }
      ],
      "passes": [],
      "failures": [],
      "pending": [],
      "skipped": [],
      "duration": 0,
      "root": true,
      "rootEmpty": true,
      "_timeout": 2000
    },
    {
      "uuid": "de2056b1-28d3-4f41-96bb-12d2a90962a6",
      "title": "",
      "fullFile": "cypress/e2e/apiTesting/postsEndPoint.cy.js",
      "file": "cypress/e2e/apiTesting/postsEndPoint.cy.js",
      "beforeHooks": [],
      "afterHooks": [],
      "tests": [],
      "suites": [
        {
          "uuid": "74576603-1ad4-42e6-8fbe-61af9141ab2c",
          "title": "GET request of posts endpoint ",
          "fullFile": "",
          "file": "",
          "beforeHooks": [],
          "afterHooks": [],
          "tests": [
            {
              "title": "get all posts ",
              "fullTitle": "GET request of posts endpoint  get all posts ",
              "timedOut": null,
              "duration": 354,
              "state": "passed",
              "speed": "fast",
              "pass": true,
              "fail": false,
              "pending": false,
              "context": null,
              "code": "const postsUsers = _postsApi.default.getAllPostsUsers();\npostsUsers.then(res => {\n  cy.log(res.body);\n  expect(res.body).to.have.length(10);\n  expect(res.status).eq(200);\n});",
              "err": {},
              "uuid": "6b0d1095-1926-48b7-9e58-7aab3b8df79b",
              "parentUUID": "74576603-1ad4-42e6-8fbe-61af9141ab2c",
              "isHook": false,
              "skipped": false
            },
            {
              "title": "get post of specific ID",
              "fullTitle": "GET request of posts endpoint  get post of specific ID",
              "timedOut": null,
              "duration": 266,
              "state": "passed",
              "speed": "fast",
              "pass": true,
              "fail": false,
              "pending": false,
              "context": null,
              "code": "const getUser = _postsApi.default.getSinglePost();\ngetUser.then(res => {\n  cy.log(res.body);\n  expect(res.status).eq(200);\n  expect(res.body.id).eq(51273);\n  expect(res.body.user_id).eq(3630556);\n});",
              "err": {},
              "uuid": "872c57ee-74ad-4673-a3cb-aeed475ee426",
              "parentUUID": "74576603-1ad4-42e6-8fbe-61af9141ab2c",
              "isHook": false,
              "skipped": false
            },
            {
              "title": "get request with an non-existent post ID ",
              "fullTitle": "GET request of posts endpoint  get request with an non-existent post ID ",
              "timedOut": null,
              "duration": 295,
              "state": "passed",
              "speed": "fast",
              "pass": true,
              "fail": false,
              "pending": false,
              "context": null,
              "code": "const invalidID = _postsApi.default.invalidID();\ninvalidID.then(res => {\n  cy.log(res.body);\n  expect(res.status).eq(404);\n  expect(res.body).to.have.property(\"message\", \"Resource not found\");\n});",
              "err": {},
              "uuid": "0f150930-8576-4ed0-a7fe-d6713f2da0cf",
              "parentUUID": "74576603-1ad4-42e6-8fbe-61af9141ab2c",
              "isHook": false,
              "skipped": false
            },
            {
              "title": "get request without Authetication ",
              "fullTitle": "GET request of posts endpoint  get request without Authetication ",
              "timedOut": null,
              "duration": 385,
              "state": "passed",
              "speed": "fast",
              "pass": true,
              "fail": false,
              "pending": false,
              "context": null,
              "code": "const withoutAuthetication = _postsApi.default.withoutAuthetication();\nwithoutAuthetication.then(res => {\n  cy.log(res.body);\n  expect(res.status).eq(404);\n  expect(res.body).to.have.property(\"message\", \"Resource not found\");\n});",
              "err": {},
              "uuid": "95402efb-4c26-4fb5-bf67-6ac1b354ee0d",
              "parentUUID": "74576603-1ad4-42e6-8fbe-61af9141ab2c",
              "isHook": false,
              "skipped": false
            }
          ],
          "suites": [],
          "passes": [
            "6b0d1095-1926-48b7-9e58-7aab3b8df79b",
            "872c57ee-74ad-4673-a3cb-aeed475ee426",
            "0f150930-8576-4ed0-a7fe-d6713f2da0cf",
            "95402efb-4c26-4fb5-bf67-6ac1b354ee0d"
          ],
          "failures": [],
          "pending": [],
          "skipped": [],
          "duration": 1300,
          "root": false,
          "rootEmpty": false,
          "_timeout": 2000
        },
        {
          "uuid": "94d5b300-01e9-4c81-9867-a1fd5c673344",
          "title": "POST request of posts endpoint ",
          "fullFile": "",
          "file": "",
          "beforeHooks": [],
          "afterHooks": [],
          "tests": [
            {
              "title": "create new post ",
              "fullTitle": "POST request of posts endpoint  create new post ",
              "timedOut": null,
              "duration": 599,
              "state": "passed",
              "speed": "fast",
              "pass": true,
              "fail": false,
              "pending": false,
              "context": null,
              "code": "const newUser = {\n  \"name\": \"cypressApi\",\n  \"gender\": \"male\",\n  \"email\": _userApi.default.generateRandomEmail(),\n  \"status\": \"active\"\n};\nconst new_User = _userApi.default.createNewUser(newUser);\nnew_User.then(response => {\n  const User_ID = response.body.id;\n  const postBody = {\n    title: 'Testing',\n    body: \"This is my post content\",\n    user_id: User_ID\n  };\n  const newPost = _postsApi.default.createNewPost(postBody);\n  newPost.then(res => {\n    cy.log(res.body);\n    expect(res.status).eq(201);\n    expect(res.body.title).eq('Testing');\n    expect(res.body.body).eq('This is my post content');\n    expect(res.body.user_id).eq(User_ID);\n  });\n});",
              "err": {},
              "uuid": "8d9b76a0-3fa0-4ad9-9ee8-dd9365639930",
              "parentUUID": "94d5b300-01e9-4c81-9867-a1fd5c673344",
              "isHook": false,
              "skipped": false
            },
            {
              "title": "verify new post request present in all post",
              "fullTitle": "POST request of posts endpoint  verify new post request present in all post",
              "timedOut": null,
              "duration": 617,
              "state": "passed",
              "speed": "fast",
              "pass": true,
              "fail": false,
              "pending": false,
              "context": null,
              "code": "const postBody = {\n  title: 'Testing',\n  body: \"This is my post content\",\n  user_id: 3630556\n};\nconst newPost = _postsApi.default.createNewPost(postBody);\nnewPost.then(res => {\n  const postId = res.body.id;\n  const post = _postsApi.default.getNewePost(postId);\n  post.then(res => {\n    expect(res.status).eq(200);\n    expect(res.body.title).eq('Testing');\n    expect(res.body.body).eq('This is my post content');\n  });\n});",
              "err": {},
              "uuid": "c549c144-1675-4de5-a226-a9645f95eb93",
              "parentUUID": "94d5b300-01e9-4c81-9867-a1fd5c673344",
              "isHook": false,
              "skipped": false
            }
          ],
          "suites": [],
          "passes": [
            "8d9b76a0-3fa0-4ad9-9ee8-dd9365639930",
            "c549c144-1675-4de5-a226-a9645f95eb93"
          ],
          "failures": [],
          "pending": [],
          "skipped": [],
          "duration": 1216,
          "root": false,
          "rootEmpty": false,
          "_timeout": 2000
        },
        {
          "uuid": "ea6f49dd-b217-4995-a66b-84fc79547577",
          "title": "PUT request of posts endpoint ",
          "fullFile": "",
          "file": "",
          "beforeHooks": [],
          "afterHooks": [],
          "tests": [
            {
              "title": "Verify user update post sucessfully ",
              "fullTitle": "PUT request of posts endpoint  Verify user update post sucessfully ",
              "timedOut": null,
              "duration": 587,
              "state": "passed",
              "speed": "fast",
              "pass": true,
              "fail": false,
              "pending": false,
              "context": null,
[...]
              "timedOut": null,
              "duration": 328,
              "state": "passed",
              "speed": "fast",
              "pass": true,
              "fail": false,
              "pending": false,
              "context": null,
              "code": "const getUser = _todosApi.default.getSingleTodos();\ngetUser.then(res => {\n  cy.log(res.body);\n  expect(res.status).eq(200);\n  expect(res.body.id).eq(20292);\n  expect(res.body.user_id).eq(3630521);\n});",
              "err": {},
              "uuid": "bf4b011a-7fdf-4ce3-bf9b-013aed8eec51",
              "parentUUID": "e10037ee-0713-422d-832c-9e89e68c3648",
              "isHook": false,
              "skipped": false
            },
            {
              "title": "get todos by non-existent todos ID throw an error",
              "fullTitle": "Get request of Todos endpoint  get todos by non-existent todos ID throw an error",
              "timedOut": null,
              "duration": 255,
              "state": "passed",
              "speed": "fast",
              "pass": true,
              "fail": false,
              "pending": false,
              "context": null,
              "code": "const invalidID = _todosApi.default.invalidID();\ninvalidID.then(res => {\n  cy.log(res.body);\n  expect(res.status).eq(404);\n  expect(res.body).to.have.property(\"message\", \"Resource not found\");\n});",
              "err": {},
              "uuid": "ac71fe05-8b81-4c24-8754-098dfd87c189",
              "parentUUID": "e10037ee-0713-422d-832c-9e89e68c3648",
              "isHook": false,
              "skipped": false
            }
          ],
          "suites": [],
          "passes": [
            "64a3cb08-0b48-4926-b120-6bc2323b9c1a",
            "bf4b011a-7fdf-4ce3-bf9b-013aed8eec51",
            "ac71fe05-8b81-4c24-8754-098dfd87c189"
          ],
          "failures": [],
          "pending": [],
          "skipped": [],
          "duration": 925,
          "root": false,
          "rootEmpty": false,
          "_timeout": 2000
        },
        {
          "uuid": "ae14d093-e8cc-4227-8d63-07a6cf061798",
          "title": "POST requests of Todos endpoint ",
          "fullFile": "",
          "file": "",
          "beforeHooks": [],
          "afterHooks": [],
          "tests": [
            {
              "title": "create new todos ",
              "fullTitle": "POST requests of Todos endpoint  create new todos ",
              "timedOut": null,
              "duration": 362,
              "state": "passed",
              "speed": "fast",
              "pass": true,
              "fail": false,
              "pending": false,
              "context": null,
              "code": "const todosBody = {\n  \"user_id\": 3630521,\n  \"title\": \"API testing\",\n  \"due_on\": \"2023-07-14T12:12:12.000+05:30\",\n  \"status\": \"completed\"\n};\nconst newTodos = _todosApi.default.createNewTodo(todosBody);\nnewTodos.then(res => {\n  cy.log(res.body);\n  expect(res.status).eq(201);\n  expect(res.body.title).eq('API testing');\n  expect(res.body.due_on).eq(\"2023-07-14T12:12:12.000+05:30\");\n});",
              "err": {},
              "uuid": "c8256031-eba4-45d9-ba47-f340ed0222ef",
              "parentUUID": "ae14d093-e8cc-4227-8d63-07a6cf061798",
              "isHook": false,
              "skipped": false
            },
            {
              "title": "verify new todo present in all todos",
              "fullTitle": "POST requests of Todos endpoint  verify new todo present in all todos",
              "timedOut": null,
              "duration": 689,
              "state": "passed",
              "speed": "fast",
              "pass": true,
              "fail": false,
              "pending": false,
              "context": null,
              "code": "const todosBody = {\n  \"user_id\": 3630521,\n  \"title\": \"API testing\",\n  \"due_on\": \"2023-07-14T12:12:12.000+05:30\",\n  \"status\": \"completed\"\n};\nconst newTodos = _todosApi.default.createNewTodo(todosBody);\nnewTodos.then(res => {\n  const Id = res.body.id;\n  const gettodo = _todosApi.default.getNewTodo(Id);\n  gettodo.then(res => {\n    expect(res.status).eq(200);\n    expect(res.body.title).eq('API testing');\n  });\n});",
              "err": {},
              "uuid": "a7ee6637-f6f1-4ebf-bc55-46ca2437ac65",
              "parentUUID": "ae14d093-e8cc-4227-8d63-07a6cf061798",
              "isHook": false,
              "skipped": false
            }
          ],
          "suites": [],
          "passes": [
            "c8256031-eba4-45d9-ba47-f340ed0222ef",
            "a7ee6637-f6f1-4ebf-bc55-46ca2437ac65"
          ],
          "failures": [],
          "pending": [],
          "skipped": [],
          "duration": 1051,
          "root": false,
          "rootEmpty": false,
          "_timeout": 2000
        },
        {
          "uuid": "be026688-ca09-4a6b-8fcf-30570634b8e3",
          "title": "Put request of Todos endpoint ",
          "fullFile": "",
          "file": "",
          "beforeHooks": [],
          "afterHooks": [],
          "tests": [
            {
              "title": "Verify user update todos sucessfully ",
              "fullTitle": "Put request of Todos endpoint  Verify user update todos sucessfully ",
              "timedOut": null,
              "duration": 592,
              "state": "passed",
              "speed": "fast",
              "pass": true,
              "fail": false,
              "pending": false,
              "context": null,
              "code": "const todosBody = {\n  \"user_id\": 3630521,\n  \"title\": \"API testing\",\n  \"due_on\": \"2023-07-14T12:12:12.000+05:30\",\n  \"status\": \"pending\"\n};\nconst newTodos = _todosApi.default.createNewTodo(todosBody);\nnewTodos.then(res => {\n  const Id = res.body.id;\n  const todosBody2 = {\n    \"title\": \"API updated testing\",\n    \"due_on\": \"2023-12-14T12:12:12.000+05:30\",\n    \"status\": \"completed\"\n  };\n  const updateTodo = _todosApi.default.updateTodo(Id, todosBody2);\n  updateTodo.then(res => {\n    cy.log(res);\n    expect(res.body.title).eq('API updated testing');\n    expect(res.status).eq(200);\n    expect(res.body.status).eq('completed');\n  });\n});",
              "err": {},
              "uuid": "f025d09e-5979-4a6b-9fd4-deee5cfd9e0a",
              "parentUUID": "be026688-ca09-4a6b-8fcf-30570634b8e3",
              "isHook": false,
              "skipped": false
            },
            {
              "title": "Verify that a PUT request with invalid status return an error ",
              "fullTitle": "Put request of Todos endpoint  Verify that a PUT request with invalid status return an error ",
              "timedOut": null,
              "duration": 529,
              "state": "passed",
              "speed": "fast",
              "pass": true,
              "fail": false,
              "pending": false,
              "context": null,
              "code": "const todosBody = {\n  \"user_id\": 3630521,\n  \"title\": \"API testing\",\n  \"due_on\": \"2023-07-14T12:12:12.000+05:30\",\n  \"status\": \"pending\"\n};\nconst newTodos = _todosApi.default.createNewTodo(todosBody);\nnewTodos.then(res => {\n  const Id = res.body.id;\n  const todosBody2 = {\n    \"status\": \"incomplete\"\n  };\n  const updateTodo = _todosApi.default.updateTodo(Id, todosBody2);\n  updateTodo.then(res => {\n    cy.log(res);\n    expect(res.status).eq(422);\n    expect(res.body[0].field).to.eq('status');\n    expect(res.body[0].message).to.eq(\"can't be blank, can be pending or completed\");\n  });\n});",
              "err": {},
              "uuid": "a26e6267-fe90-420b-b575-42454eb3139e",
              "parentUUID": "be026688-ca09-4a6b-8fcf-30570634b8e3",
              "isHook": false,
              "skipped": false
            }
          ],
          "suites": [],
          "passes": [
            "f025d09e-5979-4a6b-9fd4-deee5cfd9e0a",
            "a26e6267-fe90-420b-b575-42454eb3139e"
          ],
          "failures": [],
          "pending": [],
          "skipped": [],
          "duration": 1121,
          "root": false,
          "rootEmpty": false,
          "_timeout": 2000
        },
        {
          "uuid": "8f39b9cd-d8b3-47f6-b17c-6b60cda07891",
          "title": "DELTE request of todos endpoint",
          "fullFile": "",
          "file": "",
          "beforeHooks": [],
          "afterHooks": [],
          "tests": [
            {
              "title": "delete an existing todo by Id ",
              "fullTitle": "DELTE request of todos endpoint delete an existing todo by Id ",
              "timedOut": null,
              "duration": 633,
              "state": "passed",
              "speed": "fast",
              "pass": true,
              "fail": false,
              "pending": false,
              "context": null,
              "code": "const todosBody = {\n  \"user_id\": 3630521,\n  \"title\": \"API testing\",\n  \"due_on\": \"2023-07-14T12:12:12.000+05:30\",\n  \"status\": \"pending\"\n};\nconst newTodos = _todosApi.default.createNewTodo(todosBody);\nnewTodos.then(res => {\n  const Id = res.body.id;\n  const delTodo = _todosApi.default.deleteTodo(Id);\n  delTodo.then(res => {\n    cy.log(res);\n    expect(res.status).eq(204);\n    expect(res.body).to.be.empty;\n    expect(res.body).eq(\"\");\n  });\n});",
              "err": {},
              "uuid": "f15d42f5-c0b5-4567-850a-72bc992d7699",
              "parentUUID": "8f39b9cd-d8b3-47f6-b17c-6b60cda07891",
              "isHook": false,
              "skipped": false
            },
            {
              "title": "delete an existing post by invalid id ",
              "fullTitle": "DELTE request of todos endpoint delete an existing post by invalid id ",
              "timedOut": null,
              "duration": 522,
              "state": "passed",
              "speed": "fast",
              "pass": true,
              "fail": false,
              "pending": false,
              "context": null,
              "code": "const todosBody = {\n  \"user_id\": 3630521,\n  \"title\": \"API testing\",\n  \"due_on\": \"2023-07-14T12:12:12.000+05:30\",\n  \"status\": \"pending\"\n};\nconst newTodos = _todosApi.default.createNewTodo(todosBody);\nnewTodos.then(res => {\n  const Id = res.body.id + 2;\n  const delTodo = _todosApi.default.deleteTodo(Id);\n  delTodo.then(res => {\n    cy.log(res);\n    expect(res.status).eq(404);\n    expect(res.body).to.have.property('message', \"Resource not found\");\n  });\n});",
              "err": {},
              "uuid": "c91deddb-70fd-4727-b66d-f16c7931a3cc",
              "parentUUID": "8f39b9cd-d8b3-47f6-b17c-6b60cda07891",
              "isHook": false,
              "skipped": false
            }
          ],
          "suites": [],
          "passes": [
            "f15d42f5-c0b5-4567-850a-72bc992d7699",
            "c91deddb-70fd-4727-b66d-f16c7931a3cc"
          ],
          "failures": [],
          "pending": [],
          "skipped": [],
          "duration": 1155,
          "root": false,
          "rootEmpty": false,
          "_timeout": 2000
        }
      ],
      "passes": [],
      "failures": [],
      "pending": [],
      "skipped": [],
      "duration": 0,
      "root": true,
      "rootEmpty": true,
      "_timeout": 2000
    },
    {
      "uuid": "47532889-5956-4668-9581-49a027f1f321",
      "title": "",
      "fullFile": "cypress/e2e/apiTesting/usersEndPoint.cy.js",
      "file": "cypress/e2e/apiTesting/usersEndPoint.cy.js",
      "beforeHooks": [],
      "afterHooks": [],
      "tests": [],
      "suites": [
        {
          "uuid": "30563049-effd-4ec1-b45e-7806246c2d35",
          "title": "users endpoint API testing ",
          "fullFile": "",
          "file": "",
          "beforeHooks": [],
          "afterHooks": [],
          "tests": [
            {
              "title": "get all the user",
              "fullTitle": "users endpoint API testing  get all the user",
              "timedOut": null,
              "duration": 331,
              "state": "passed",
              "speed": "fast",
              "pass": true,
              "fail": false,
              "pending": false,
              "context": null,
              "code": "const GetAllUser = _userApi.default.getAllUser();\nGetAllUser.then(res => {\n  cy.log(res.body);\n  expect(res.status).eq(200);\n  expect(res.body).have.length(10);\n});",
              "err": {},
              "uuid": "87e30021-e5f6-40e9-b498-06d7de651c61",
              "parentUUID": "30563049-effd-4ec1-b45e-7806246c2d35",
              "isHook": false,
              "skipped": false
            },
            {
              "title": "create new user",
              "fullTitle": "users endpoint API testing  create new user",
              "timedOut": null,
              "duration": 298,
              "state": "passed",
              "speed": "fast",
              "pass": true,
              "fail": false,
              "pending": false,
              "context": null,
              "code": "const requestBody = {\n  \"name\": \"cypress\",\n  \"gender\": \"male\",\n  \"email\": _userApi.default.generateRandomEmail(),\n  \"status\": \"active\"\n};\nconst createUser = _userApi.default.createNewUser(requestBody);\ncreateUser.then(response => {\n  expect(response.status).eq(201);\n  expect(response.body.name).eq('cypress');\n  expect(response.body).to.have.property('status', 'active');\n});",
              "err": {},
              "uuid": "28f645bf-696a-4d8b-ae59-83ae8048855b",
              "parentUUID": "30563049-effd-4ec1-b45e-7806246c2d35",
              "isHook": false,
              "skipped": false
            },
            {
              "title": "verify new user cannot be created without email",
              "fullTitle": "users endpoint API testing  verify new user cannot be created without email",
              "timedOut": null,
              "duration": 287,
              "state": "passed",
              "speed": "fast",
              "pass": true,
              "fail": false,
              "pending": false,
              "context": null,
              "code": "const requestBody = {\n  \"name\": \"cypress\",\n  \"gender\": \"male\",\n  \"status\": \"active\"\n};\nconst createUser = _userApi.default.createNewUser(requestBody);\ncreateUser.then(response => {\n  expect(response.status).to.eq(422);\n  expect(response.body[0].field).eq('email');\n  expect(response.body[0]).to.have.property('message', \"can't be blank\");\n});",
              "err": {},
              "uuid": "de2e2147-ae49-409c-b098-f84a64965892",
              "parentUUID": "30563049-effd-4ec1-b45e-7806246c2d35",
              "isHook": false,
              "skipped": false
            },
            {
              "title": "verify new user cannot be created without name",
              "fullTitle": "users endpoint API testing  verify new user cannot be created without name",
              "timedOut": null,
              "duration": 309,
              "state": "passed",
              "speed": "fast",
              "pass": true,
              "fail": false,
              "pending": false,
              "context": null,
              "code": "const requestBody = {\n  \"gender\": \"male\",\n  \"email\": _userApi.default.generateRandomEmail(),\n  \"status\": \"active\"\n};\nconst createUser = _userApi.default.createNewUser(requestBody);\ncreateUser.then(response => {\n  expect(response.status).eq(422);\n  expect(response.body[0].field).eq('name');\n  expect(response.body[0]).to.have.property('message', \"can't be blank\");\n});",
              "err": {},
              "uuid": "9b8850b1-fbd9-4857-bccf-5c4aefd50cbd",
              "parentUUID": "30563049-effd-4ec1-b45e-7806246c2d35",
              "isHook": false,
              "skipped": false
            },
            {
              "title": "update an existing user",
              "fullTitle": "users endpoint API testing  update an existing user",
              "timedOut": null,
              "duration": 611,
              "state": "passed",
              "speed": "fast",
              "pass": true,
              "fail": false,
              "pending": false,
              "context": null,
              "code": "const requestBody1 = {\n  \"name\": \"cypress\",\n  \"gender\": \"male\",\n  \"email\": _userApi.default.generateRandomEmail(),\n  \"status\": \"active\"\n};\nconst createUser = _userApi.default.createNewUser(requestBody1);\ncreateUser.then(response => {\n  expect(response.status).eq(201);\n  expect(response.body.name).eq('cypress');\n  expect(response.body).to.have.property('status', 'active');\n  const userID = response.body.id;\n  const requestBody2 = {\n    \"name\": \"sosos\",\n    \"gender\": \"male\",\n    \"email\": _userApi.default.generateRandomEmail(),\n    \"status\": \"inactive\"\n  };\n  const updateUser = _userApi.default.updateUser(userID, requestBody2);\n  updateUser.then(response => {\n    expect(response.status).eq(200);\n    expect(response.body.name).eq('sosos');\n    expect(response.body.status).eq('inactive');\n  });\n});",
              "err": {},
              "uuid": "6baee21b-e7f4-43af-9360-b664205756f8",
              "parentUUID": "30563049-effd-4ec1-b45e-7806246c2d35",
              "isHook": false,
              "skipped": false
            },
            {
              "title": "delete an existing user",
              "fullTitle": "users endpoint API testing  delete an existing user",
              "timedOut": null,
              "duration": 575,
              "state": "passed",
              "speed": "fast",
              "pass": true,
              "fail": false,
              "pending": false,
              "context": null,
              "code": "const requestBody = {\n  \"name\": \"cypress\",\n  \"gender\": \"male\",\n  \"email\": _userApi.default.generateRandomEmail(),\n  \"status\": \"active\"\n};\nconst createUser = _userApi.default.createNewUser(requestBody);\ncreateUser.then(response => {\n  expect(response.status).eq(201);\n  expect(response.body.name).eq('cypress');\n  expect(response.body).to.have.property('status', 'active');\n  const userID = response.body.id;\n  const delUser = _userApi.default.DelUser(userID);\n  delUser.then(response => {\n    expect(response.status).eq(204);\n    expect(response.body).not.to.have.property('status', 'active');\n  });\n});",
              "err": {},
              "uuid": "7b02a18f-be64-4c92-a55c-2148bcdadb6f",
              "parentUUID": "30563049-effd-4ec1-b45e-7806246c2d35",
              "isHook": false,
              "skipped": false
            }
          ],
          "suites": [],
          "passes": [
            "87e30021-e5f6-40e9-b498-06d7de651c61",
            "28f645bf-696a-4d8b-ae59-83ae8048855b",
            "de2e2147-ae49-409c-b098-f84a64965892",
            "9b8850b1-fbd9-4857-bccf-5c4aefd50cbd",
            "6baee21b-e7f4-43af-9360-b664205756f8",
            "7b02a18f-be64-4c92-a55c-2148bcdadb6f"
          ],
          "failures": [],
          "pending": [],
          "skipped": [],
          "duration": 2411,
          "root": false,
          "rootEmpty": false,
          "_timeout": 2000
        }
      ],
      "passes": [],
      "failures": [],
      "pending": [],
      "skipped": [],
      "duration": 0,
      "root": true,
      "rootEmpty": true,
      "_timeout": 2000
    }
  ],
  "meta": {
    "mocha": {
      "version": "7.0.1"
    },
    "mochawesome": {
      "options": {
        "quiet": false,
        "reportFilename": "mochawesome",
        "saveHtml": false,
        "saveJson": true,
        "consoleReporter": "spec",
        "useInlineDiffs": false,
        "code": true
      },
      "version": "7.1.3"
    },
    "marge": {
      "options": {
        "reportDir": "cypress/reports/mochawesome",
        "overwrite": false,
        "html": false,
        "json": true
      },
      "version": "6.2.0"
    }
  }
}