{
  "stats": {
    "suites": 2,
    "tests": 7,
    "passes": 7,
    "pending": 0,
    "failures": 0,
    "testsRegistered": 7,
    "passPercent": 100,
    "pendingPercent": 0,
    "other": 0,
    "hasOther": false,
    "skipped": 0,
    "hasSkipped": false,
    "start": "2023-07-10T07:02:54.577Z",
    "end": "2023-07-10T07:03:03.086Z",
    "duration": 8509
  },
  "results": [
    {
      "uuid": "d9c243cf-e3ee-42f7-9fa7-7cdd176d220b",
      "title": "",
      "fullFile": "cypress/e2e/apiTesting/newUserGet.cy.js",
      "file": "cypress/e2e/apiTesting/newUserGet.cy.js",
      "beforeHooks": [],
      "afterHooks": [],
      "tests": [],
      "suites": [
        {
          "uuid": "e54d4840-fe6b-4a7b-803e-60f9832d1397",
          "title": "create new user (post) and call through id (get)",
          "fullFile": "",
          "file": "",
          "beforeHooks": [],
          "afterHooks": [],
          "tests": [
            {
              "title": "create new user and get through ID",
              "fullTitle": "create new user (post) and call through id (get) create new user and get through ID",
              "timedOut": null,
              "duration": 1544,
              "state": "passed",
              "speed": "fast",
              "pass": true,
              "fail": false,
              "pending": false,
              "context": null,
              "code": "let access_token = '89c07163b5071631e58aa5ef2f9ff924493b40d7c85dc49c43cb6b352b3f8fc5';\ncy.request({\n  method: 'POST',\n  url: 'https://gorest.co.in/public/v2/users',\n  headers: {\n    'Authorization': 'Bearer ' + access_token\n  },\n  body: {\n    \"name\": \"cypress\",\n    \"gender\": \"male\",\n    \"email\": _pom.default.generateRandomEmail(),\n    \"status\": \"active\"\n  }\n}).then(response => {\n  expect(response.status).to.equal(201);\n  cy.log(JSON.stringify(response));\n  expect(response.body.name).eql('cypress');\n  const userID = response.body.id;\n  cy.log(\"user id is: \" + userID);\n  cy.request({\n    method: 'GET',\n    url: 'https://gorest.co.in/public/v2/users/' + userID,\n    headers: {\n      'Authorization': 'Bearer ' + access_token\n    }\n  }).then(getResponse => {\n    expect(getResponse.status).to.equal(200);\n    expect(getResponse.body.id).to.eq(userID);\n    expect(getResponse.body.name).eql('cypress');\n  });\n});",
              "err": {},
              "uuid": "8c0d5494-5887-4b10-b218-b5e9e75854f4",
              "parentUUID": "e54d4840-fe6b-4a7b-803e-60f9832d1397",
              "isHook": false,
              "skipped": false
            }
          ],
          "suites": [],
          "passes": [
            "8c0d5494-5887-4b10-b218-b5e9e75854f4"
          ],
          "failures": [],
          "pending": [],
          "skipped": [],
          "duration": 1544,
          "root": false,
          "rootEmpty": false,
          "_timeout": 2000
        }
      ],
      "passes": [],
      "failures": [],
      "pending": [],
      "skipped": [],
      "duration": 0,
      "root": true,
      "rootEmpty": true,
      "_timeout": 2000
    },
    {
      "uuid": "c3467644-eacb-4613-a970-9dea221c4421",
      "title": "",
      "fullFile": "cypress/e2e/apiTesting/userAPI.cy.js",
      "file": "cypress/e2e/apiTesting/userAPI.cy.js",
      "beforeHooks": [],
      "afterHooks": [],
      "tests": [],
      "suites": [
        {
          "uuid": "4dfd6b12-bc87-481a-960d-236d56bd3d0d",
          "title": "API Testing user ",
          "fullFile": "",
          "file": "",
          "beforeHooks": [],
          "afterHooks": [],
          "tests": [
            {
              "title": "get all the user",
              "fullTitle": "API Testing user  get all the user",
              "timedOut": null,
              "duration": 294,
              "state": "passed",
              "speed": "fast",
              "pass": true,
              "fail": false,
              "pending": false,
              "context": null,
              "code": "const res = await _pom.default.getAllUser();\ncy.log(res.body);\nconsole.log(res.body);\ncy.log(JSON.stringify(res));\nexpect(res.status).eq(200);\nexpect(res.body).have.length(10);",
              "err": {},
              "uuid": "f68ba118-4d33-4873-a880-318fbeb76d62",
              "parentUUID": "4dfd6b12-bc87-481a-960d-236d56bd3d0d",
              "isHook": false,
              "skipped": false
            },
            {
              "title": "create new user",
              "fullTitle": "API Testing user  create new user",
              "timedOut": null,
              "duration": 286,
              "state": "passed",
              "speed": "fast",
              "pass": true,
              "fail": false,
              "pending": false,
              "context": null,
              "code": "const requestBody = {\n  \"name\": \"cypress\",\n  \"gender\": \"male\",\n  \"email\": _pom.default.generateRandomEmail(),\n  \"status\": \"active\"\n};\n_pom.default.createNewUser(requestBody).then(response => {\n  expect(response.status).eq(201);\n  expect(response.body.name).eq('cypress');\n  expect(response.body).to.have.property('status', 'active');\n});",
              "err": {},
              "uuid": "071752cc-32de-4ff5-bbe7-ba42f20f0c9b",
              "parentUUID": "4dfd6b12-bc87-481a-960d-236d56bd3d0d",
              "isHook": false,
              "skipped": false
            },
            {
              "title": "verify new user cannot be created without email",
              "fullTitle": "API Testing user  verify new user cannot be created without email",
              "timedOut": null,
              "duration": 265,
              "state": "passed",
              "speed": "fast",
              "pass": true,
              "fail": false,
              "pending": false,
              "context": null,
              "code": "const requestBody = {\n  \"name\": \"cypress\",\n  \"gender\": \"male\",\n  \"status\": \"active\"\n};\n_pom.default.createNewUser(requestBody).then(response => {\n  expect(response.status).to.eq(422);\n  expect(response.body[0].field).eq('email');\n  expect(response.body[0]).to.have.property('message', \"can't be blank\");\n});",
              "err": {},
              "uuid": "a39b03b2-8dc2-4cd5-9e5c-d3a5a77fd517",
              "parentUUID": "4dfd6b12-bc87-481a-960d-236d56bd3d0d",
              "isHook": false,
              "skipped": false
            },
            {
              "title": "verify new user cannot be created without name",
              "fullTitle": "API Testing user  verify new user cannot be created without name",
              "timedOut": null,
              "duration": 293,
              "state": "passed",
              "speed": "fast",
              "pass": true,
              "fail": false,
              "pending": false,
              "context": null,
              "code": "const requestBody = {\n  \"gender\": \"male\",\n  \"email\": _pom.default.generateRandomEmail(),\n  \"status\": \"active\"\n};\n_pom.default.createNewUser(requestBody).then(response => {\n  expect(response.status).eq(422);\n  expect(response.body[0].field).eq('name');\n  expect(response.body[0]).to.have.property('message', \"can't be blank\");\n});",
              "err": {},
              "uuid": "61041b4d-b656-438d-bec2-eb42eaea1f25",
              "parentUUID": "4dfd6b12-bc87-481a-960d-236d56bd3d0d",
              "isHook": false,
              "skipped": false
            },
            {
              "title": "update user",
              "fullTitle": "API Testing user  update user",
              "timedOut": null,
              "duration": 545,
              "state": "passed",
              "speed": "fast",
              "pass": true,
              "fail": false,
              "pending": false,
              "context": null,
              "code": "const requestBody1 = {\n  \"name\": \"cypress\",\n  \"gender\": \"male\",\n  \"email\": _pom.default.generateRandomEmail(),\n  \"status\": \"active\"\n};\n_pom.default.createNewUser(requestBody1).then(response => {\n  expect(response.status).eq(201);\n  expect(response.body.name).eq('cypress');\n  expect(response.body).to.have.property('status', 'active');\n  const userID = response.body.id;\n  const requestBody2 = {\n    \"name\": \"sosos\",\n    \"gender\": \"male\",\n    \"email\": _pom.default.generateRandomEmail(),\n    \"status\": \"inactive\"\n  };\n  _pom.default.updateUser(userID, requestBody2).then(response => {\n    expect(response.status).eq(200);\n    expect(response.body.name).eq('sosos');\n    expect(response.body.status).eq('inactive');\n  });\n});",
              "err": {},
              "uuid": "b91da594-8b2f-4db1-8193-c00e16020741",
              "parentUUID": "4dfd6b12-bc87-481a-960d-236d56bd3d0d",
              "isHook": false,
              "skipped": false
            },
            {
              "title": "delete user",
              "fullTitle": "API Testing user  delete user",
              "timedOut": null,
              "duration": 565,
              "state": "passed",
              "speed": "fast",
              "pass": true,
              "fail": false,
              "pending": false,
              "context": null,
              "code": "const requestBody = {\n  \"name\": \"cypress\",\n  \"gender\": \"male\",\n  \"email\": _pom.default.generateRandomEmail(),\n  \"status\": \"active\"\n};\n_pom.default.createNewUser(requestBody).then(response => {\n  expect(response.status).eq(201);\n  expect(response.body.name).eq('cypress');\n  expect(response.body).to.have.property('status', 'active');\n  const userID = response.body.id;\n  _pom.default.DelUser(userID).then(response => {\n    expect(response.status).eq(204);\n    expect(response.body).not.to.have.property('status', 'active');\n  });\n});",
              "err": {},
              "uuid": "d0f2d0dd-4d91-46d3-bf11-c1c165eaa039",
              "parentUUID": "4dfd6b12-bc87-481a-960d-236d56bd3d0d",
              "isHook": false,
              "skipped": false
            }
          ],
          "suites": [],
          "passes": [
            "f68ba118-4d33-4873-a880-318fbeb76d62",
            "071752cc-32de-4ff5-bbe7-ba42f20f0c9b",
            "a39b03b2-8dc2-4cd5-9e5c-d3a5a77fd517",
            "61041b4d-b656-438d-bec2-eb42eaea1f25",
            "b91da594-8b2f-4db1-8193-c00e16020741",
            "d0f2d0dd-4d91-46d3-bf11-c1c165eaa039"
          ],
          "failures": [],
          "pending": [],
          "skipped": [],
          "duration": 2248,
          "root": false,
          "rootEmpty": false,
          "_timeout": 2000
        }
      ],
      "passes": [],
      "failures": [],
      "pending": [],
      "skipped": [],
      "duration": 0,
      "root": true,
      "rootEmpty": true,
      "_timeout": 2000
    }
  ],
  "meta": {
    "mocha": {
      "version": "7.0.1"
    },
    "mochawesome": {
      "options": {
        "quiet": false,
        "reportFilename": "mochawesome",
        "saveHtml": false,
        "saveJson": true,
        "consoleReporter": "spec",
        "useInlineDiffs": false,
        "code": true
      },
      "version": "7.1.3"
    },
    "marge": {
      "options": {
        "reportDir": "cypress/reports/mochawesome",
        "overwrite": false,
        "html": false,
        "json": true
      },
      "version": "6.2.0"
    }
  }
}